This is pdfTeX, Version 3.14159265-2.6-1.40.15 (MiKTeX 2.9) (preloaded format=pdflatex 2015.5.10)  9 JUL 2016 18:02
entering extended mode
**Paper.tex
(Paper.tex
LaTeX2e <2015/01/01>
Babel <3.9l> and hyphenation patterns for 69 languages loaded.
(tGIS2e.cls
Document Class: tGIS2e 2009/04/22 v3.6 International Journal of Geographical In
formation Science LaTeX2e document class
\draftrule=\dimen102
\trimrule=\dimen103
\draftrule=\dimen104
\trimheight=\dimen105
\trimwidth=\dimen106
\typeheight=\dimen107
\typewidth=\dimen108
\normaltextheight=\dimen109
\blindfoliodrop=\dimen110
\tempdimen=\dimen111
\rhdraftruleheight=\dimen112
\tempbox=\box26
LaTeX Font Info:    Overwriting symbol font `operators' in version `normal'
(Font)                  OT1/cmr/m/n --> OT1/cmr/m/n on input line 224.
LaTeX Font Info:    Overwriting symbol font `letters' in version `normal'
(Font)                  OML/cmm/m/it --> OML/cmr/m/it on input line 225.
LaTeX Font Info:    Overwriting symbol font `symbols' in version `normal'
(Font)                  OMS/cmsy/m/n --> OMS/cmr/m/n on input line 226.
LaTeX Font Info:    Overwriting symbol font `largesymbols' in version `normal'
(Font)                  OMX/cmex/m/n --> OMX/cmr/m/n on input line 227.
LaTeX Font Info:    Overwriting math alphabet `\mathbf' in version `normal'
(Font)                  OT1/cmr/bx/n --> OT1/cmr/bx/n on input line 228.
LaTeX Font Info:    Overwriting math alphabet `\mathsf' in version `normal'
(Font)                  OT1/cmss/m/n --> OT1/cmss/m/n on input line 229.
LaTeX Font Info:    Overwriting math alphabet `\mathrm' in version `normal'
(Font)                  OT1/cmr/m/n --> OT1/cmr/m/n on input line 230.
LaTeX Font Info:    Overwriting math alphabet `\mathtt' in version `normal'
(Font)                  OT1/cmtt/m/n --> OT1/Courier/m/n on input line 231.
LaTeX Font Info:    Overwriting symbol font `operators' in version `bold'
(Font)                  OT1/cmr/bx/n --> OT1/cmr/bx/n on input line 233.
LaTeX Font Info:    Overwriting symbol font `symbols' in version `bold'
(Font)                  OMS/cmsy/b/n --> OMS/cmr/bx/n on input line 235.
LaTeX Font Info:    Overwriting symbol font `largesymbols' in version `bold'
(Font)                  OMX/cmex/m/n --> OMX/cmr/bx/n on input line 236.
LaTeX Font Info:    Overwriting math alphabet `\mathbf' in version `bold'
(Font)                  OT1/cmr/bx/n --> OT1/cmr/bx/n on input line 237.
LaTeX Font Info:    Overwriting math alphabet `\mathsf' in version `bold'
(Font)                  OT1/cmss/bx/n --> OT1/cmss/bx/n on input line 238.
LaTeX Font Info:    Overwriting math alphabet `\mathrm' in version `bold'
(Font)                  OT1/cmr/bx/n --> OT1/cmr/bx/n on input line 239.
LaTeX Font Info:    Overwriting math alphabet `\mathtt' in version `bold'
(Font)                  OT1/cmtt/m/n --> OT1/Courier/bx/n on input line 240.
LaTeX Font Info:    Overwriting math alphabet `\mathbb' in version `normal'
(Font)                  OT1/ams/bx/n --> OT1/ams/bx/n on input line 257.
LaTeX Font Info:    Overwriting math alphabet `\mathbb' in version `bold'
(Font)                  OT1/ams/bx/n --> OT1/ams/bx/n on input line 258.
\c@mv@upright=\count79
\c@mv@boldupright=\count80
LaTeX Font Info:    Overwriting symbol font `letters' in version `upright'
(Font)                  OML/cmm/m/it --> OML/eur/m/n on input line 291.
LaTeX Font Info:    Overwriting symbol font `letters' in version `boldupright'
(Font)                  OML/cmm/m/it --> OML/eur/b/n on input line 292.
\c@part=\count81
\c@chapter=\count82
\c@section=\count83
\c@subsection=\count84
\c@subsubsection=\count85
\c@paragraph=\count86
\c@subparagraph=\count87
\LabelSep=\dimen113
\TopSep=\skip41
\enumbox=\box27
\enumwd=\dimen114
\unnummargin=\dimen115
\abovecaptionskip=\skip42
\belowcaptionskip=\skip43
\c@figure=\count88
("C:\Program Files (x86)\MiKTeX 2.9\tex\latex\epsf\epsf.sty"
This is `epsf.tex' v2.7.4 <14 February 2011>
\epsffilein=\read1
\epsfframemargin=\dimen116
\epsfframethickness=\dimen117
\epsfrsize=\dimen118
\epsftmp=\dimen119
\epsftsize=\dimen120
\epsfxsize=\dimen121
\epsfysize=\dimen122
\pspoints=\dimen123
)
\figheight=\dimen124
\figwidth=\dimen125
\c@table=\count89
\c@newtable=\count90
\tabledim=\dimen126
\bibindent=\dimen127
\bibleftmargin=\dimen128
\bibitemsep=\dimen129
\bibparsep=\dimen130
\bibtext=\dimen131
\biblabelsep=\dimen132
\bibleftmargini=\dimen133
\c@dummy=\count91
 (natbib.sty
Package: natbib 2000/07/24 7.0a (PWD)
\bibhang=\skip44
\bibsep=\skip45
LaTeX Info: Redefining \cite on input line 508.
\c@NAT@ctr=\count92

Local config file natbib.cfg used
(natbib.cfg))
\SFB@measure=\dimen134
\minute=\count93
\hour=\count94
\drafttextwidth=\dimen135
\trimrule=\dimen136
\varypageheight=\dimen137
\c@theorem=\count95
\c@remark=\count96
\c@algorithm=\count97
\c@example=\count98
\c@theorem=\count99
\c@lemma=\count100
\c@proposition=\count101
\c@corollary=\count102
\c@definition=\count103
\c@notation=\count104
 (amsbsy.sty
Package: amsbsy 1999/11/29 v1.2d

("C:\Program Files (x86)\MiKTeX 2.9\tex\latex\amsmath\amsgen.sty"
File: amsgen.sty 1999/11/30 v2.0
\@emptytoks=\toks14
\ex@=\dimen138
)
\pmbraise@=\dimen139
)
(amsfonts.sty
Package: amsfonts 2001/10/25 v2.2f
\symAMSa=\mathgroup4
\symAMSb=\mathgroup5
LaTeX Font Info:    Overwriting math alphabet `\mathfrak' in version `bold'
(Font)                  U/euf/m/n --> U/euf/b/n on input line 132.
LaTeX Font Info:    Redeclaring math alphabet \mathbb on input line 133.
) (amsmath.sty
Package: amsmath 2000/07/18 v2.13 AMS math features
\@mathmargin=\skip46

For additional information on amsmath, use the `?' option.
("C:\Program Files (x86)\MiKTeX 2.9\tex\latex\amsmath\amstext.sty"
Package: amstext 2000/06/29 v2.01
)
("C:\Program Files (x86)\MiKTeX 2.9\tex\latex\amsmath\amsopn.sty"
Package: amsopn 1999/12/14 v2.01 operator names
)
\inf@bad=\count105
LaTeX Info: Redefining \frac on input line 211.
\uproot@=\count106
\leftroot@=\count107
LaTeX Info: Redefining \overline on input line 307.
\classnum@=\count108
\DOTSCASE@=\count109
LaTeX Info: Redefining \ldots on input line 379.
LaTeX Info: Redefining \dots on input line 382.
LaTeX Info: Redefining \cdots on input line 467.
\Mathstrutbox@=\box28
\strutbox@=\box29
\big@size=\dimen140
LaTeX Font Info:    Redeclaring font encoding OML on input line 567.
LaTeX Font Info:    Redeclaring font encoding OMS on input line 568.


Package amsmath Warning: Unable to redefine math accent \check.

\macc@depth=\count110
\c@MaxMatrixCols=\count111
\dotsspace@=\muskip10
\c@parentequation=\count112
\dspbrk@lvl=\count113
\tag@help=\toks15
\row@=\count114
\column@=\count115
\maxfields@=\count116
\andhelp@=\toks16
\eqnshift@=\dimen141
\alignsep@=\dimen142
\tagshift@=\dimen143
\tagwidth@=\dimen144
\totwidth@=\dimen145
\lineht@=\dimen146
\@envbody=\toks17
\multlinegap=\skip47
\multlinetaggap=\skip48
\mathdisplay@stack=\toks18
LaTeX Info: Redefining \[ on input line 2666.
LaTeX Info: Redefining \] on input line 2667.
) (amssymb.sty
Package: amssymb 2002/01/22 v2.2d
)
("C:\Program Files (x86)\MiKTeX 2.9\tex\latex\tools\enumerate.sty"
Package: enumerate 2014/10/28 v3.00 enumerate extensions (DPC)
\@enLab=\toks19
) (epsfig.sty
Package: epsfig 1999/02/16 v1.7a (e)psfig emulation (SPQR)
(graphicx.sty
Package: graphicx 1999/02/16 v1.0f Enhanced LaTeX Graphics (DPC,SPQR)
 ("C:\Program Files (x86)\MiKTeX 2.9\tex\latex\graphics\keyval.sty"
Package: keyval 2014/10/28 v1.15 key=value parser (DPC)
\KV@toks@=\toks20
) ("C:\Program Files (x86)\MiKTeX 2.9\tex\latex\graphics\graphics.sty"
Package: graphics 2014/10/28 v1.0p Standard LaTeX Graphics (DPC,SPQR)

("C:\Program Files (x86)\MiKTeX 2.9\tex\latex\graphics\trig.sty"
Package: trig 1999/03/16 v1.09 sin cos tan (DPC)
)
("C:\Program Files (x86)\MiKTeX 2.9\tex\latex\00miktex\graphics.cfg"
File: graphics.cfg 2007/01/18 v1.5 graphics configuration of teTeX/TeXLive
)
Package graphics Info: Driver file: pdftex.def on input line 94.

("C:\Program Files (x86)\MiKTeX 2.9\tex\latex\pdftex-def\pdftex.def"
File: pdftex.def 2011/05/27 v0.06d Graphics/color for pdfTeX

("C:\Program Files (x86)\MiKTeX 2.9\tex\generic\oberdiek\infwarerr.sty"
Package: infwarerr 2010/04/08 v1.3 Providing info/warning/error messages (HO)
)
("C:\Program Files (x86)\MiKTeX 2.9\tex\generic\oberdiek\ltxcmds.sty"
Package: ltxcmds 2011/11/09 v1.22 LaTeX kernel commands for general use (HO)
)
\Gread@gobject=\count117
))
\Gin@req@height=\dimen147
\Gin@req@width=\dimen148
)
\epsfxsize=\dimen149
\epsfysize=\dimen150
)
(rotating.sty
Package: rotating 1997/09/26, v2.13 Rotation package
 ("C:\Program Files (x86)\MiKTeX 2.9\tex\latex\base\ifthen.sty"
Package: ifthen 2014/09/29 v1.1c Standard LaTeX ifthen package (DPC)
)
\c@r@tfl@t=\count118
\rot@float@box=\box30
)
(subfigure.sty
Package: subfigure 2002/07/30 v2.1.4 subfigure package
\subfigtopskip=\skip49
\subfigcapskip=\skip50
\subfigcaptopadj=\dimen151
\subfigbottomskip=\skip51
\subfigcapmargin=\dimen152
\subfiglabelskip=\skip52
\c@subfigure=\count119
\c@lofdepth=\count120
\c@subtable=\count121
\c@lotdepth=\count122

****************************************
* Local config file subfigure.cfg used *
****************************************
("C:\Program Files (x86)\MiKTeX 2.9\tex\latex\subfigure\subfigure.cfg")
\subfig@top=\skip53
\subfig@bottom=\skip54
))
(Paper.aux)
LaTeX Font Info:    Checking defaults for OML/cmm/m/it on input line 8.
LaTeX Font Info:    ... okay on input line 8.
LaTeX Font Info:    Checking defaults for T1/cmr/m/n on input line 8.
LaTeX Font Info:    ... okay on input line 8.
LaTeX Font Info:    Checking defaults for OT1/cmr/m/n on input line 8.
LaTeX Font Info:    ... okay on input line 8.
LaTeX Font Info:    Checking defaults for OMS/cmsy/m/n on input line 8.
LaTeX Font Info:    ... okay on input line 8.
LaTeX Font Info:    Checking defaults for OMX/cmex/m/n on input line 8.
LaTeX Font Info:    ... okay on input line 8.
LaTeX Font Info:    Checking defaults for U/cmr/m/n on input line 8.
LaTeX Font Info:    ... okay on input line 8.
 ("C:\Program Files (x86)\MiKTeX 2.9\tex\context\base\supp-pdf.mkii"
[Loading MPS to PDF converter (version 2006.09.02).]
\scratchcounter=\count123
\scratchdimen=\dimen153
\scratchbox=\box31
\nofMPsegments=\count124
\nofMParguments=\count125
\everyMPshowfont=\toks21
\MPscratchCnt=\count126
\MPscratchDim=\dimen154
\MPnumerator=\count127
\makeMPintoPDFobject=\count128
\everyMPtoPDFconversion=\toks22
)

LaTeX Warning: No \author given.


Underfull \hbox (badness 10000) in paragraph at lines 22--34
  
 []

LaTeX Font Info:    Calculating math sizes for size <11> on input line 38.

LaTeX Font Warning: Font shape `OT1/cmr/m/n' in size <5.5> not available
(Font)              size <5> substituted on input line 38.

LaTeX Font Info:    Try loading font information for OML+cmr on input line 38.
("C:\Program Files (x86)\MiKTeX 2.9\tex\latex\base\omlcmr.fd"
File: omlcmr.fd 2014/09/29 v2.5h Standard LaTeX font definitions
)
LaTeX Font Info:    Font shape `OML/cmr/m/it' in size <11> not available
(Font)              Font shape `OML/cmm/m/it' tried instead on input line 38.
LaTeX Font Info:    Font shape `OML/cmr/m/it' in size <7.69997> not available
(Font)              Font shape `OML/cmm/m/it' tried instead on input line 38.
LaTeX Font Info:    Font shape `OML/cmr/m/it' in size <5.5> not available
(Font)              Font shape `OML/cmm/m/it' tried instead on input line 38.


LaTeX Font Warning: Font shape `OML/cmm/m/it' in size <5.5> not available
(Font)              size <5> substituted on input line 38.

LaTeX Font Info:    Try loading font information for OMS+cmr on input line 38.
("C:\Program Files (x86)\MiKTeX 2.9\tex\latex\base\omscmr.fd"
File: omscmr.fd 2014/09/29 v2.5h Standard LaTeX font definitions
)
LaTeX Font Info:    Font shape `OMS/cmr/m/n' in size <11> not available
(Font)              Font shape `OMS/cmsy/m/n' tried instead on input line 38.
LaTeX Font Info:    Font shape `OMS/cmr/m/n' in size <7.69997> not available
(Font)              Font shape `OMS/cmsy/m/n' tried instead on input line 38.
LaTeX Font Info:    Font shape `OMS/cmr/m/n' in size <5.5> not available
(Font)              Font shape `OMS/cmsy/m/n' tried instead on input line 38.


LaTeX Font Warning: Font shape `OMS/cmsy/m/n' in size <5.5> not available
(Font)              size <5> substituted on input line 38.

LaTeX Font Info:    Try loading font information for OMX+cmr on input line 38.
LaTeX Font Info:    No file OMXcmr.fd. on input line 38.

LaTeX Font Warning: Font shape `OMX/cmr/m/n' undefined
(Font)              using `OMX/cmex/m/n' instead on input line 38.

LaTeX Font Info:    Try loading font information for U+msa on input line 38.
("C:\Program Files (x86)\MiKTeX 2.9\tex\latex\amsfonts\umsa.fd"
File: umsa.fd 2013/01/14 v3.01 AMS symbols A
)
LaTeX Font Info:    Try loading font information for U+msb on input line 38.

("C:\Program Files (x86)\MiKTeX 2.9\tex\latex\amsfonts\umsb.fd"
File: umsb.fd 2013/01/14 v3.01 AMS symbols B
)
Underfull \vbox (badness 10000) has occurred while \output is active []


Underfull \vbox (badness 10000) has occurred while \output is active []


Underfull \vbox (badness 10000) has occurred while \output is active []


Underfull \vbox (badness 10000) has occurred while \output is active []


Overfull \vbox (36.0pt too high) has occurred while \output is active []


Overfull \vbox (36.0pt too high) has occurred while \output is active []


Overfull \vbox (650.43pt too high) has occurred while \output is active []


Overfull \vbox (29.0pt too high) has occurred while \output is active []


Overfull \vbox (711.0pt too high) has occurred while \output is active []

LaTeX Font Info:    Font shape `OMS/cmr/m/n' in size <7> not available
(Font)              Font shape `OMS/cmsy/m/n' tried instead on input line 50.
 [1{C:/ProgramData/MiKTeX/2.9/pdftex/config/pdftex.map}


]
Underfull \vbox (badness 10000) has occurred while \output is active []


Underfull \vbox (badness 10000) has occurred while \output is active []


Underfull \vbox (badness 10000) has occurred while \output is active []


Underfull \vbox (badness 10000) has occurred while \output is active []


Overfull \vbox (36.0pt too high) has occurred while \output is active []


Overfull \vbox (36.0pt too high) has occurred while \output is active []


Overfull \vbox (650.43pt too high) has occurred while \output is active []


Overfull \vbox (29.0pt too high) has occurred while \output is active []


Overfull \vbox (711.0pt too high) has occurred while \output is active []

 [2]
Missing character: There is no Ã in font cmr10!
Missing character: There is no © in font cmr10!

Underfull \vbox (badness 1137) has occurred while \output is active []


Underfull \vbox (badness 10000) has occurred while \output is active []


Underfull \vbox (badness 10000) has occurred while \output is active []


Underfull \vbox (badness 10000) has occurred while \output is active []


Overfull \vbox (36.0pt too high) has occurred while \output is active []


Overfull \vbox (36.0pt too high) has occurred while \output is active []


Overfull \vbox (650.43pt too high) has occurred while \output is active []


Overfull \vbox (29.0pt too high) has occurred while \output is active []


Overfull \vbox (711.0pt too high) has occurred while \output is active []

 [3]
Underfull \vbox (badness 10000) has occurred while \output is active []


Underfull \vbox (badness 10000) has occurred while \output is active []


Underfull \vbox (badness 10000) has occurred while \output is active []


Overfull \vbox (36.0pt too high) has occurred while \output is active []


Overfull \vbox (36.0pt too high) has occurred while \output is active []


Overfull \vbox (650.43pt too high) has occurred while \output is active []


Overfull \vbox (29.0pt too high) has occurred while \output is active []


Overfull \vbox (711.0pt too high) has occurred while \output is active []

 [4]

Package natbib Warning: Citation `gonzalez2008understanding' on page 5 undefine
d on input line 103.


Package natbib Warning: Citation `sevtsuk2010does' on page 5 undefined on input
 line 103.


Package natbib Warning: Citation `kung2014exploring' on page 5 undefined on inp
ut line 103.


Package natbib Warning: Citation `becker2013human' on page 5 undefined on input
 line 104.


Package natbib Warning: Citation `sobolevsky2013delineating' on page 5 undefine
d on input line 104.


Package natbib Warning: Citation `kung2014exploring' on page 5 undefined on inp
ut line 104.


Package natbib Warning: Citation `Jurdak2015' on page 5 undefined on input line
 107.


Package natbib Warning: Citation `kung2014exploring' on page 5 undefined on inp
ut line 110.


Package natbib Warning: Citation `tsou2015' on page 5 undefined on input line 1
10.


Package natbib Warning: Citation `mitchell2013geography' on page 5 undefined on
 input line 111.


Package natbib Warning: Citation `longley2015geotemporal' on page 5 undefined o
n input line 111.


Package natbib Warning: Citation `Jurdak2015' on page 5 undefined on input line
 115.


Underfull \hbox (badness 1286) in paragraph at lines 113--117
\OT1/cmr/m/n/10.95 tively used in many coun-tries. It pro-vides a pub-licly ac-
ces-si-ble stream-ing API
 []


Underfull \hbox (badness 1087) in paragraph at lines 113--117
\OT1/cmr/m/n/10.95 (\OT1/cmtt/m/n/10.95 https://dev.twitter.com/streaming/overv
iew\OT1/cmr/m/n/10.95 ) for easy ac-cess to its data. It
 []


Underfull \vbox (badness 10000) has occurred while \output is active []


Underfull \vbox (badness 10000) has occurred while \output is active []


Underfull \vbox (badness 10000) has occurred while \output is active []


Underfull \vbox (badness 10000) has occurred while \output is active []


Overfull \vbox (36.0pt too high) has occurred while \output is active []


Overfull \vbox (36.0pt too high) has occurred while \output is active []


Overfull \vbox (650.43pt too high) has occurred while \output is active []


Overfull \vbox (29.0pt too high) has occurred while \output is active []


Overfull \vbox (711.0pt too high) has occurred while \output is active []

 [5]
<./figure/S2_twitter_density_Fig_1.png, id=27, 1096.095pt x 1016.79875pt>
File: ./figure/S2_twitter_density_Fig_1.png Graphic file (type png)

<use ./figure/S2_twitter_density_Fig_1.png>
Package pdftex.def Info: ./figure/S2_twitter_density_Fig_1.png used on input li
ne 149.
(pdftex.def)             Requested size: 420.0pt x 389.61469pt.

Underfull \vbox (badness 2698) has occurred while \output is active []


Underfull \vbox (badness 10000) has occurred while \output is active []


Underfull \vbox (badness 10000) has occurred while \output is active []


Underfull \vbox (badness 10000) has occurred while \output is active []


Overfull \vbox (36.0pt too high) has occurred while \output is active []


Overfull \vbox (36.0pt too high) has occurred while \output is active []


Overfull \vbox (650.43pt too high) has occurred while \output is active []


Overfull \vbox (29.0pt too high) has occurred while \output is active []


Overfull \vbox (711.0pt too high) has occurred while \output is active []

 [6]
Missing character: There is no Ã in font cmr10!
Missing character: There is no ¡ in font cmr10!
Missing character: There is no Ã in font cmr10!
Missing character: There is no ¡ in font cmr10!
Missing character: There is no Ã in font cmr10!
Missing character: There is no ¡ in font cmr10!

Underfull \vbox (badness 10000) has occurred while \output is active []


Underfull \vbox (badness 10000) has occurred while \output is active []


Underfull \vbox (badness 10000) has occurred while \output is active []


Overfull \vbox (36.0pt too high) has occurred while \output is active []


Overfull \vbox (36.0pt too high) has occurred while \output is active []


Overfull \vbox (650.43pt too high) has occurred while \output is active []


Overfull \vbox (29.0pt too high) has occurred while \output is active []


Overfull \vbox (711.0pt too high) has occurred while \output is active []

 [7 <./figure/S2_twitter_density_Fig_1.png>]
Missing character: There is no Ã in font cmr10!
Missing character: There is no © in font cmr10!
Missing character: There is no Ã in font cmr10!
Missing character: There is no   in font cmr10!

Underfull \vbox (badness 10000) has occurred while \output is active []


Underfull \vbox (badness 10000) has occurred while \output is active []


Underfull \vbox (badness 10000) has occurred while \output is active []


Overfull \vbox (36.0pt too high) has occurred while \output is active []


Overfull \vbox (36.0pt too high) has occurred while \output is active []


Overfull \vbox (650.43pt too high) has occurred while \output is active []


Overfull \vbox (29.0pt too high) has occurred while \output is active []


Overfull \vbox (711.0pt too high) has occurred while \output is active []

 [8]
<./figure/S3_visitation.png, id=41, 1415.2875pt x 673.76718pt>
File: ./figure/S3_visitation.png Graphic file (type png)

<use ./figure/S3_visitation.png>
Package pdftex.def Info: ./figure/S3_visitation.png used on input line 242.
(pdftex.def)             Requested size: 420.0pt x 199.9419pt.

Underfull \vbox (badness 10000) has occurred while \output is active []


Underfull \vbox (badness 10000) has occurred while \output is active []


Underfull \vbox (badness 10000) has occurred while \output is active []


Overfull \vbox (36.0pt too high) has occurred while \output is active []


Overfull \vbox (36.0pt too high) has occurred while \output is active []


Overfull \vbox (650.43pt too high) has occurred while \output is active []


Overfull \vbox (29.0pt too high) has occurred while \output is active []


Overfull \vbox (711.0pt too high) has occurred while \output is active []

 [9]
Missing character: There is no Ã in font cmr10!
Missing character: There is no ¡ in font cmr10!

Underfull \vbox (badness 10000) has occurred while \output is active []


Underfull \vbox (badness 10000) has occurred while \output is active []


Underfull \vbox (badness 10000) has occurred while \output is active []


Overfull \vbox (36.0pt too high) has occurred while \output is active []


Overfull \vbox (36.0pt too high) has occurred while \output is active []


Overfull \vbox (650.43pt too high) has occurred while \output is active []


Overfull \vbox (29.0pt too high) has occurred while \output is active []


Overfull \vbox (711.0pt too high) has occurred while \output is active []

 [10 <./figure/S3_visitation.png>]
<./figure/S4_radius_displacement.png, id=53, 1473.3444pt x 1538.3874pt>
File: ./figure/S4_radius_displacement.png Graphic file (type png)

<use ./figure/S4_radius_displacement.png>
Package pdftex.def Info: ./figure/S4_radius_displacement.png used on input line
 269.
(pdftex.def)             Requested size: 420.0pt x 438.53886pt.
LaTeX Font Info:    Font shape `OML/cmr/m/it' in size <10> not available
(Font)              Font shape `OML/cmm/m/it' tried instead on input line 270.
LaTeX Font Info:    Font shape `OML/cmr/m/it' in size <7> not available
(Font)              Font shape `OML/cmm/m/it' tried instead on input line 270.
LaTeX Font Info:    Font shape `OML/cmr/m/it' in size <5> not available
(Font)              Font shape `OML/cmm/m/it' tried instead on input line 270.
LaTeX Font Info:    Font shape `OMS/cmr/m/n' in size <10> not available
(Font)              Font shape `OMS/cmsy/m/n' tried instead on input line 270.
LaTeX Font Info:    Font shape `OMS/cmr/m/n' in size <5> not available
(Font)              Font shape `OMS/cmsy/m/n' tried instead on input line 270.
Missing character: There is no Ã in font cmr10!
Missing character: There is no ¡ in font cmr10!

Underfull \vbox (badness 2197) has occurred while \output is active []


Underfull \vbox (badness 10000) has occurred while \output is active []


Underfull \vbox (badness 10000) has occurred while \output is active []


Underfull \vbox (badness 10000) has occurred while \output is active []


Overfull \vbox (36.0pt too high) has occurred while \output is active []


Overfull \vbox (36.0pt too high) has occurred while \output is active []


Overfull \vbox (650.43pt too high) has occurred while \output is active []


Overfull \vbox (29.0pt too high) has occurred while \output is active []


Overfull \vbox (711.0pt too high) has occurred while \output is active []

 [11 <./figure/S4_radius_displacement.png>]
<./figure/S5_community.png, id=59, 487.8225pt x 791.20593pt>
File: ./figure/S5_community.png Graphic file (type png)

<use ./figure/S5_community.png>
Package pdftex.def Info: ./figure/S5_community.png used on input line 290.
(pdftex.def)             Requested size: 377.99744pt x 613.08168pt.


LaTeX Warning: Float too large for page by 23.02612pt on input line 294.

<./figure/S6_community_london.png, id=60, 776.14969pt x 740.7675pt>
File: ./figure/S6_community_london.png Graphic file (type png)

<use ./figure/S6_community_london.png>
Package pdftex.def Info: ./figure/S6_community_london.png used on input line 31
2.
(pdftex.def)             Requested size: 336.00128pt x 320.68272pt.

Underfull \vbox (badness 10000) has occurred while \output is active []


Underfull \vbox (badness 10000) has occurred while \output is active []


Underfull \vbox (badness 10000) has occurred while \output is active []


Underfull \vbox (badness 10000) has occurred while \output is active []


Overfull \vbox (36.0pt too high) has occurred while \output is active []


Overfull \vbox (36.0pt too high) has occurred while \output is active []


Overfull \vbox (650.43pt too high) has occurred while \output is active []


Overfull \vbox (29.0pt too high) has occurred while \output is active []


Overfull \vbox (711.0pt too high) has occurred while \output is active []

 [12]
<./figure/S7_london.png, id=64, 621.522pt x 563.2242pt>
File: ./figure/S7_london.png Graphic file (type png)

<use ./figure/S7_london.png>
Package pdftex.def Info: ./figure/S7_london.png used on input line 328.
(pdftex.def)             Requested size: 293.99872pt x 266.42563pt.

<./figure/Gravity.png, id=65, 903.375pt x 1111.90407pt>
File: ./figure/Gravity.png Graphic file (type png)

<use ./figure/Gravity.png>
Package pdftex.def Info: ./figure/Gravity.png used on input line 336.
(pdftex.def)             Requested size: 293.99872pt x 361.87352pt.

Underfull \vbox (badness 10000) has occurred while \output is active []


Underfull \vbox (badness 10000) has occurred while \output is active []


Underfull \vbox (badness 10000) has occurred while \output is active []


Overfull \vbox (36.0pt too high) has occurred while \output is active []


Overfull \vbox (36.0pt too high) has occurred while \output is active []


Overfull \vbox (650.43pt too high) has occurred while \output is active []


Overfull \vbox (29.0pt too high) has occurred while \output is active []


Overfull \vbox (711.0pt too high) has occurred while \output is active []

 [13]
Underfull \vbox (badness 10000) has occurred while \output is active []


Underfull \vbox (badness 10000) has occurred while \output is active []


Underfull \vbox (badness 10000) has occurred while \output is active []


Overfull \vbox (36.0pt too high) has occurred while \output is active []


Overfull \vbox (36.0pt too high) has occurred while \output is active []


Overfull \vbox (650.43pt too high) has occurred while \output is active []


Overfull \vbox (29.0pt too high) has occurred while \output is active []


Overfull \vbox (711.0pt too high) has occurred while \output is active []

 [14 <./figure/S5_community.png>]
Underfull \vbox (badness 10000) has occurred while \output is active []


Underfull \vbox (badness 10000) has occurred while \output is active []


Underfull \vbox (badness 10000) has occurred while \output is active []


Underfull \vbox (badness 10000) has occurred while \output is active []


Overfull \vbox (36.0pt too high) has occurred while \output is active []


Overfull \vbox (36.0pt too high) has occurred while \output is active []


Overfull \vbox (650.43pt too high) has occurred while \output is active []


Overfull \vbox (29.0pt too high) has occurred while \output is active []


Overfull \vbox (711.0pt too high) has occurred while \output is active []

 [15 <./figure/S6_community_london.png>]
Underfull \vbox (badness 10000) has occurred while \output is active []


Underfull \vbox (badness 10000) has occurred while \output is active []


Underfull \vbox (badness 10000) has occurred while \output is active []


Underfull \vbox (badness 10000) has occurred while \output is active []


Overfull \vbox (36.0pt too high) has occurred while \output is active []


Overfull \vbox (36.0pt too high) has occurred while \output is active []


Overfull \vbox (650.43pt too high) has occurred while \output is active []


Overfull \vbox (29.0pt too high) has occurred while \output is active []


Overfull \vbox (711.0pt too high) has occurred while \output is active []

 [16 <./figure/S7_london.png>]
Underfull \vbox (badness 10000) has occurred while \output is active []


Underfull \vbox (badness 10000) has occurred while \output is active []


Underfull \vbox (badness 10000) has occurred while \output is active []


Underfull \vbox (badness 10000) has occurred while \output is active []


Overfull \vbox (36.0pt too high) has occurred while \output is active []


Overfull \vbox (36.0pt too high) has occurred while \output is active []


Overfull \vbox (650.43pt too high) has occurred while \output is active []


Overfull \vbox (29.0pt too high) has occurred while \output is active []


Overfull \vbox (711.0pt too high) has occurred while \output is active []

 [17 <./figure/Gravity.png (PNG copy)>]

LaTeX Font Warning: Font shape `OT1/cmr/bx/n' in size <5.5> not available
(Font)              size <5> substituted on input line 343.


Underfull \vbox (badness 1137) has occurred while \output is active []


Underfull \vbox (badness 10000) has occurred while \output is active []


Underfull \vbox (badness 10000) has occurred while \output is active []


Underfull \vbox (badness 10000) has occurred while \output is active []


Overfull \vbox (36.0pt too high) has occurred while \output is active []


Overfull \vbox (36.0pt too high) has occurred while \output is active []


Overfull \vbox (650.43pt too high) has occurred while \output is active []


Overfull \vbox (29.0pt too high) has occurred while \output is active []


Overfull \vbox (711.0pt too high) has occurred while \output is active []

 [18

]
Missing character: There is no Ã in font cmr10!
Missing character: There is no © in font cmr10!

Underfull \hbox (badness 6658) in paragraph at lines 385--386
[]\OT1/cmr/m/n/10.95 Fortunato, S., Barth-lemy, M., 2007. Res-o-lu-tion limit i
n com-mu-nity de-tec-
 []


Underfull \hbox (badness 3417) in paragraph at lines 385--386
\OT1/cmr/m/n/10.95 tion. Pro-ceed-ings of the Na-tional Academy of Sci-ences, 1
04, pp. 36-41.
 []

Missing character: There is no Ã in font cmr10!
Missing character: There is no ¡ in font cmr10!
Missing character: There is no Ã in font cmr10!
Missing character: There is no ¡ in font cmr10!

Underfull \hbox (badness 4291) in paragraph at lines 400--401
[]\OT1/cmr/m/n/10.95 Good, B.H., de Mon-tjoye, Y.-A., Clauset, A., 2010. Per-fo
r-mance of mod-u-
 []


Underfull \hbox (badness 2343) in paragraph at lines 400--401
\OT1/cmr/m/n/10.95 lar-ity max-i-miza-tion in prac-ti-cal con-texts. Phys-i-cal
 Re-view E, 81, 046106.
 []

Missing character: There is no Ã in font cmr10!
Missing character: There is no   in font cmr10!

Underfull \hbox (badness 1735) in paragraph at lines 403--404
\OT1/cmr/m/n/10.95 in ran-dom graphs and com-plex net-works. Phys-i-cal Re-view
 E, 70, 025101.
 []


Underfull \hbox (badness 3724) in paragraph at lines 421--422
[]\OT1/cmr/m/n/10.95 Jurdak, R., Zhao, K., Liu, J., Abou-Jaoude, M., Cameron, M
., Newth, D.,
 []

Missing character: There is no Ã in font cmr10!
Missing character: There is no ¼ in font cmr10!

Underfull \vbox (badness 10000) has occurred while \output is active []


Underfull \vbox (badness 10000) has occurred while \output is active []


Underfull \vbox (badness 10000) has occurred while \output is active []


Underfull \vbox (badness 10000) has occurred while \output is active []


Overfull \vbox (36.0pt too high) has occurred while \output is active []


Overfull \vbox (36.0pt too high) has occurred while \output is active []


Overfull \vbox (650.43pt too high) has occurred while \output is active []


Overfull \vbox (29.0pt too high) has occurred while \output is active []


Overfull \vbox (711.0pt too high) has occurred while \output is active []

 [19]
Missing character: There is no Ã in font cmr10!
Missing character: There is no ¼ in font cmr10!
Missing character: There is no â in font cmr10!
Missing character: There is no € in font cmr10!
Missing character: There is no “ in font cmr10!
Missing character: There is no â in font cmr10!
Missing character: There is no € in font cmr10!
Missing character: There is no ™ in font cmr10!
Missing character: There is no Ã in font cmr10!
Missing character: There is no ¡ in font cmr10!
Missing character: There is no Ã in font cmr10!
Missing character: There is no ¡ in font cmr10!
Missing character: There is no Ã in font cmr10!
Missing character: There is no © in font cmr10!
Missing character: There is no Ã in font cmr10!
Missing character: There is no ¡ in font cmr10!

Underfull \vbox (badness 10000) has occurred while \output is active []


Underfull \vbox (badness 10000) has occurred while \output is active []


Underfull \vbox (badness 10000) has occurred while \output is active []


Underfull \vbox (badness 10000) has occurred while \output is active []


Overfull \vbox (36.0pt too high) has occurred while \output is active []


Overfull \vbox (36.0pt too high) has occurred while \output is active []


Overfull \vbox (650.43pt too high) has occurred while \output is active []


Overfull \vbox (29.0pt too high) has occurred while \output is active []


Overfull \vbox (711.0pt too high) has occurred while \output is active []

 [20]

Package natbib Warning: There were undefined citations.


Underfull \vbox (badness 10000) has occurred while \output is active []


Underfull \vbox (badness 10000) has occurred while \output is active []


Underfull \vbox (badness 10000) has occurred while \output is active []


Overfull \vbox (36.0pt too high) has occurred while \output is active []


Overfull \vbox (36.0pt too high) has occurred while \output is active []


Overfull \vbox (650.43pt too high) has occurred while \output is active []


Overfull \vbox (29.0pt too high) has occurred while \output is active []


Overfull \vbox (711.0pt too high) has occurred while \output is active []

 [21]
(Paper.aux)

LaTeX Font Warning: Size substitutions with differences
(Font)              up to 0.5pt have occured.


LaTeX Font Warning: Some font shapes were not available, defaults substituted.

 ) 
Here is how much of TeX's memory you used:
 3162 strings out of 493671
 37822 string characters out of 3141420
 104993 words of memory out of 3000000
 6475 multiletter control sequences out of 15000+200000
 13076 words of font info for 50 fonts, out of 3000000 for 9000
 1025 hyphenation exceptions out of 8191
 41i,11n,34p,727b,320s stack positions out of 5000i,500n,10000p,200000b,50000s
<C:/Program Files (x86)/MiKTeX 2.9/fonts/type1/public/amsfonts/cm/cmbx10.pfb>
<C:/Program Files (x86)/MiKTeX 2.9/fonts/type1/public/amsfonts/cm/cmbx12.pfb><C
:/Program Files (x86)/MiKTeX 2.9/fonts/type1/public/amsfonts/cm/cmbxti10.pfb><C
:/Program Files (x86)/MiKTeX 2.9/fonts/type1/public/amsfonts/cm/cmex10.pfb><C:/
Program Files (x86)/MiKTeX 2.9/fonts/type1/public/amsfonts/cm/cmmi10.pfb><C:/Pr
ogram Files (x86)/MiKTeX 2.9/fonts/type1/public/amsfonts/cm/cmmi5.pfb><C:/Progr
am Files (x86)/MiKTeX 2.9/fonts/type1/public/amsfonts/cm/cmmi7.pfb><C:/Program 
Files (x86)/MiKTeX 2.9/fonts/type1/public/amsfonts/cm/cmmi8.pfb><C:/Program Fil
es (x86)/MiKTeX 2.9/fonts/type1/public/amsfonts/cm/cmr10.pfb><C:/Program Files 
(x86)/MiKTeX 2.9/fonts/type1/public/amsfonts/cm/cmr5.pfb><C:/Program Files (x86
)/MiKTeX 2.9/fonts/type1/public/amsfonts/cm/cmr7.pfb><C:/Program Files (x86)/Mi
KTeX 2.9/fonts/type1/public/amsfonts/cm/cmr8.pfb><C:/Program Files (x86)/MiKTeX
 2.9/fonts/type1/public/amsfonts/cm/cmsy10.pfb><C:/Program Files (x86)/MiKTeX 2
.9/fonts/type1/public/amsfonts/cm/cmsy7.pfb><C:/Program Files (x86)/MiKTeX 2.9/
fonts/type1/public/amsfonts/cm/cmsy8.pfb><C:/Program Files (x86)/MiKTeX 2.9/fon
ts/type1/public/amsfonts/cm/cmti10.pfb><C:/Program Files (x86)/MiKTeX 2.9/fonts
/type1/public/amsfonts/cm/cmtt10.pfb>
Output written on Paper.pdf (21 pages, 3212503 bytes).
PDF statistics:
 150 PDF objects out of 1000 (max. 8388607)
 0 named destinations out of 1000 (max. 500000)
 36 words of extra memory for PDF output out of 10000 (max. 10000000)

