This is pdfTeX, Version 3.1415926-2.5-1.40.14 (MiKTeX 2.9) (preloaded format=pdflatex 2014.6.19)  29 FEB 2016 01:46
entering extended mode
**Geo_located_tweets.tex

(C:\Users\Jun\Documents\GitHub\manuscripts\Geo-located_Twitter_Data\latex\Geo_l
ocated_tweets.tex
LaTeX2e <2011/06/27>
Babel <v3.8m> and hyphenation patterns for english, afrikaans, ancientgreek, ar
abic, armenian, assamese, basque, bengali, bokmal, bulgarian, catalan, coptic, 
croatian, czech, danish, dutch, esperanto, estonian, farsi, finnish, french, ga
lician, german, german-x-2013-05-26, greek, gujarati, hindi, hungarian, iceland
ic, indonesian, interlingua, irish, italian, kannada, kurmanji, latin, latvian,
 lithuanian, malayalam, marathi, mongolian, mongolianlmc, monogreek, ngerman, n
german-x-2013-05-26, nynorsk, oriya, panjabi, pinyin, polish, portuguese, roman
ian, russian, sanskrit, serbian, slovak, slovenian, spanish, swedish, swissgerm
an, tamil, telugu, turkish, turkmen, ukenglish, ukrainian, uppersorbian, usengl
ishmax, welsh, loaded.
("C:\Program Files (x86)\MiKTeX 2.9\tex\latex\base\article.cls"
Document Class: article 2007/10/19 v1.4h Standard LaTeX document class
("C:\Program Files (x86)\MiKTeX 2.9\tex\latex\base\size11.clo"
File: size11.clo 2007/10/19 v1.4h Standard LaTeX file (size option)
)
\c@part=\count79
\c@section=\count80
\c@subsection=\count81
\c@subsubsection=\count82
\c@paragraph=\count83
\c@subparagraph=\count84
\c@figure=\count85
\c@table=\count86
\abovecaptionskip=\skip41
\belowcaptionskip=\skip42
\bibindent=\dimen102
)
(C:\Users\Jun\Documents\GitHub\manuscripts\Geo-located_Twitter_Data\latex\Geo_l
ocated_tweets.aux)
LaTeX Font Info:    Checking defaults for OML/cmm/m/it on input line 9.
LaTeX Font Info:    ... okay on input line 9.
LaTeX Font Info:    Checking defaults for T1/cmr/m/n on input line 9.
LaTeX Font Info:    ... okay on input line 9.
LaTeX Font Info:    Checking defaults for OT1/cmr/m/n on input line 9.
LaTeX Font Info:    ... okay on input line 9.
LaTeX Font Info:    Checking defaults for OMS/cmsy/m/n on input line 9.
LaTeX Font Info:    ... okay on input line 9.
LaTeX Font Info:    Checking defaults for OMX/cmex/m/n on input line 9.
LaTeX Font Info:    ... okay on input line 9.
LaTeX Font Info:    Checking defaults for U/cmr/m/n on input line 9.
LaTeX Font Info:    ... okay on input line 9.
LaTeX Font Info:    External font `cmex10' loaded for size
(Font)              <12> on input line 32.
LaTeX Font Info:    External font `cmex10' loaded for size
(Font)              <8> on input line 32.
LaTeX Font Info:    External font `cmex10' loaded for size
(Font)              <6> on input line 32.


LaTeX Warning: No \author given.


LaTeX Warning: Citation `greenwood1985human' on page 1 undefined on input line 
46.


LaTeX Warning: Citation `brockmann2006scaling' on page 1 undefined on input lin
e 46.


LaTeX Warning: Citation `zheng2008understanding' on page 1 undefined on input l
ine 48.


LaTeX Warning: Citation `rhee2011levy' on page 1 undefined on input line 48.


LaTeX Warning: Citation `gonzalez2008understanding' on page 1 undefined on inpu
t line 48.


LaTeX Warning: Citation `sevtsuk2010does' on page 1 undefined on input line 48.



LaTeX Warning: Citation `kung2014exploring' on page 1 undefined on input line 4
8.


LaTeX Warning: Citation `thatcher2014living' on page 1 undefined on input line 
49.


LaTeX Warning: Citation `hawelka2014geo' on page 1 undefined on input line 50.


LaTeX Warning: Citation `giannotti2008mobility' on page 1 undefined on input li
ne 51.


LaTeX Warning: Citation `crampton2014collect' on page 1 undefined on input line
 51.


LaTeX Warning: Citation `Jurdak2015' on page 1 undefined on input line 51.

[1

{C:/ProgramData/MiKTeX/2.9/pdftex/config/pdftex.map}]

LaTeX Warning: Citation `Jurdak2015' on page 2 undefined on input line 58.


Overfull \hbox (162.12729pt too wide) in paragraph at lines 74--76
\OT1/cmr/m/n/10.95 APIs for re-triev-ing Twit-ter mes-sages: REST API and Strea
m-ing API (\OT1/cmtt/m/n/10.95 http://dev.twitter.com/overview/\OT1/cmr/m/n/10.
95 ).
 []

Missing character: There is no â in font cmr10!
Missing character: There is no € in font cmr10!
Missing character: There is no ™ in font cmr10!
[2]
LaTeX Font Info:    External font `cmex10' loaded for size
(Font)              <10.95> on input line 105.
Missing character: There is no â in font cmr10!
Missing character: There is no € in font cmr10!
Missing character: There is no “ in font cmr10!
 [3]

LaTeX Warning: Citation `brockmann2006' on page 4 undefined on input line 129.

Missing character: There is no â in font cmr10!
Missing character: There is no € in font cmr10!
Missing character: There is no ™ in font cmr10!
Missing character: There is no â in font cmr10!
Missing character: There is no € in font cmr10!
Missing character: There is no “ in font cmr10!
[4]
Missing character: There is no â in font cmr10!
Missing character: There is no € in font cmr10!
Missing character: There is no “ in font cmr10!
 [5]
(C:\Users\Jun\Documents\GitHub\manuscripts\Geo-located_Twitter_Data\latex\Geo_l
ocated_tweets.aux)

LaTeX Warning: There were undefined references.

 ) 
Here is how much of TeX's memory you used:
 260 strings out of 493921
 3507 string characters out of 3144882
 54031 words of memory out of 3000000
 3627 multiletter control sequences out of 15000+200000
 8979 words of font info for 32 fonts, out of 3000000 for 9000
 841 hyphenation exceptions out of 8191
 21i,6n,21p,408b,199s stack positions out of 5000i,500n,10000p,200000b,50000s
<C:/Program Files (x86)/MiKTeX 2.9/fonts/type1/public/amsfonts/cm/cmbx10.pfb>
<C:/Program Files (x86)/MiKTeX 2.9/fonts/type1/public/amsfonts/cm/cmbx12.pfb><C
:/Program Files (x86)/MiKTeX 2.9/fonts/type1/public/amsfonts/cm/cmmi10.pfb><C:/
Program Files (x86)/MiKTeX 2.9/fonts/type1/public/amsfonts/cm/cmr10.pfb><C:/Pro
gram Files (x86)/MiKTeX 2.9/fonts/type1/public/amsfonts/cm/cmr12.pfb><C:/Progra
m Files (x86)/MiKTeX 2.9/fonts/type1/public/amsfonts/cm/cmr17.pfb><C:/Program F
iles (x86)/MiKTeX 2.9/fonts/type1/public/amsfonts/cm/cmsy10.pfb><C:/Program Fil
es (x86)/MiKTeX 2.9/fonts/type1/public/amsfonts/cm/cmtt10.pfb>
Output written on Geo_located_tweets.pdf (5 pages, 111829 bytes).
PDF statistics:
 50 PDF objects out of 1000 (max. 8388607)
 0 named destinations out of 1000 (max. 500000)
 1 words of extra memory for PDF output out of 10000 (max. 10000000)

