This is pdfTeX, Version 3.14159265-2.6-1.40.18 (MiKTeX 2.9.6500 64-bit) (preloaded format=pdflatex 2018.1.8)  30 MAY 2018 13:03
entering extended mode
**c:/Jun/GitHub/manuscripts/GIScience_2018/giscience_r2/giscience/giscience2018
.tex

(c:/Jun/GitHub/manuscripts/GIScience_2018/giscience_r2/giscience/giscience2018.
tex
LaTeX2e <2017-04-15>
Babel <3.15> and hyphenation patterns for 75 language(s) loaded.
(lipics-v2018.cls
Document Class: lipics-v2018 2018/04/09 v1.5 LIPIcs articles
("C:\Users\juy173\AppData\Local\Programs\MiKTeX 2.9\tex\latex\base\article.cls"
Document Class: article 2014/09/29 v1.4h Standard LaTeX document class
("C:\Users\juy173\AppData\Local\Programs\MiKTeX 2.9\tex\latex\base\fleqn.clo"
File: fleqn.clo 2016/12/29 v1.2a Standard LaTeX option (flush left equations)
\mathindent=\dimen102
Applying: [2015/01/01] Make \[ robust on input line 50.
LaTeX Info: Redefining \[ on input line 51.
Already applied: [0000/00/00] Make \[ robust on input line 62.
Applying: [2015/01/01] Make \] robust on input line 74.
LaTeX Info: Redefining \] on input line 75.
Already applied: [0000/00/00] Make \] robust on input line 83.
)
("C:\Users\juy173\AppData\Local\Programs\MiKTeX 2.9\tex\latex\base\size10.clo"
File: size10.clo 2014/09/29 v1.4h Standard LaTeX file (size option)
)
\c@part=\count79
\c@section=\count80
\c@subsection=\count81
\c@subsubsection=\count82
\c@paragraph=\count83
\c@subparagraph=\count84
\c@figure=\count85
\c@table=\count86
\abovecaptionskip=\skip41
\belowcaptionskip=\skip42
\bibindent=\dimen103
)
\tocfile=\write3

("C:\Users\juy173\AppData\Local\Programs\MiKTeX 2.9\tex\latex\base\inputenc.sty
"
Package: inputenc 2015/03/17 v1.2c Input encoding file
\inpenc@prehook=\toks14
\inpenc@posthook=\toks15
 ("C:\Users\juy173\AppData\Local\Programs\MiKTeX 2.9\tex\latex\base\utf8.def"
File: utf8.def 2017/01/28 v1.1t UTF-8 support for inputenc
Now handling font encoding OML ...
... no UTF-8 mapping file for font encoding OML
Now handling font encoding T1 ...
... processing UTF-8 mapping file for font encoding T1

("C:\Users\juy173\AppData\Local\Programs\MiKTeX 2.9\tex\latex\base\t1enc.dfu"
File: t1enc.dfu 2017/01/28 v1.1t UTF-8 support for inputenc
   defining Unicode char U+00A0 (decimal 160)
   defining Unicode char U+00A1 (decimal 161)
   defining Unicode char U+00A3 (decimal 163)
   defining Unicode char U+00AB (decimal 171)
   defining Unicode char U+00AD (decimal 173)
   defining Unicode char U+00BB (decimal 187)
   defining Unicode char U+00BF (decimal 191)
   defining Unicode char U+00C0 (decimal 192)
   defining Unicode char U+00C1 (decimal 193)
   defining Unicode char U+00C2 (decimal 194)
   defining Unicode char U+00C3 (decimal 195)
   defining Unicode char U+00C4 (decimal 196)
   defining Unicode char U+00C5 (decimal 197)
   defining Unicode char U+00C6 (decimal 198)
   defining Unicode char U+00C7 (decimal 199)
   defining Unicode char U+00C8 (decimal 200)
   defining Unicode char U+00C9 (decimal 201)
   defining Unicode char U+00CA (decimal 202)
   defining Unicode char U+00CB (decimal 203)
   defining Unicode char U+00CC (decimal 204)
   defining Unicode char U+00CD (decimal 205)
   defining Unicode char U+00CE (decimal 206)
   defining Unicode char U+00CF (decimal 207)
   defining Unicode char U+00D0 (decimal 208)
   defining Unicode char U+00D1 (decimal 209)
   defining Unicode char U+00D2 (decimal 210)
   defining Unicode char U+00D3 (decimal 211)
   defining Unicode char U+00D4 (decimal 212)
   defining Unicode char U+00D5 (decimal 213)
   defining Unicode char U+00D6 (decimal 214)
   defining Unicode char U+00D8 (decimal 216)
   defining Unicode char U+00D9 (decimal 217)
   defining Unicode char U+00DA (decimal 218)
   defining Unicode char U+00DB (decimal 219)
   defining Unicode char U+00DC (decimal 220)
   defining Unicode char U+00DD (decimal 221)
   defining Unicode char U+00DE (decimal 222)
   defining Unicode char U+00DF (decimal 223)
   defining Unicode char U+00E0 (decimal 224)
   defining Unicode char U+00E1 (decimal 225)
   defining Unicode char U+00E2 (decimal 226)
   defining Unicode char U+00E3 (decimal 227)
   defining Unicode char U+00E4 (decimal 228)
   defining Unicode char U+00E5 (decimal 229)
   defining Unicode char U+00E6 (decimal 230)
   defining Unicode char U+00E7 (decimal 231)
   defining Unicode char U+00E8 (decimal 232)
   defining Unicode char U+00E9 (decimal 233)
   defining Unicode char U+00EA (decimal 234)
   defining Unicode char U+00EB (decimal 235)
   defining Unicode char U+00EC (decimal 236)
   defining Unicode char U+00ED (decimal 237)
   defining Unicode char U+00EE (decimal 238)
   defining Unicode char U+00EF (decimal 239)
   defining Unicode char U+00F0 (decimal 240)
   defining Unicode char U+00F1 (decimal 241)
   defining Unicode char U+00F2 (decimal 242)
   defining Unicode char U+00F3 (decimal 243)
   defining Unicode char U+00F4 (decimal 244)
   defining Unicode char U+00F5 (decimal 245)
   defining Unicode char U+00F6 (decimal 246)
   defining Unicode char U+00F8 (decimal 248)
   defining Unicode char U+00F9 (decimal 249)
   defining Unicode char U+00FA (decimal 250)
   defining Unicode char U+00FB (decimal 251)
   defining Unicode char U+00FC (decimal 252)
   defining Unicode char U+00FD (decimal 253)
   defining Unicode char U+00FE (decimal 254)
   defining Unicode char U+00FF (decimal 255)
   defining Unicode char U+0100 (decimal 256)
   defining Unicode char U+0101 (decimal 257)
   defining Unicode char U+0102 (decimal 258)
   defining Unicode char U+0103 (decimal 259)
   defining Unicode char U+0104 (decimal 260)
   defining Unicode char U+0105 (decimal 261)
   defining Unicode char U+0106 (decimal 262)
   defining Unicode char U+0107 (decimal 263)
   defining Unicode char U+0108 (decimal 264)
   defining Unicode char U+0109 (decimal 265)
   defining Unicode char U+010A (decimal 266)
   defining Unicode char U+010B (decimal 267)
   defining Unicode char U+010C (decimal 268)
   defining Unicode char U+010D (decimal 269)
   defining Unicode char U+010E (decimal 270)
   defining Unicode char U+010F (decimal 271)
   defining Unicode char U+0110 (decimal 272)
   defining Unicode char U+0111 (decimal 273)
   defining Unicode char U+0112 (decimal 274)
   defining Unicode char U+0113 (decimal 275)
   defining Unicode char U+0114 (decimal 276)
   defining Unicode char U+0115 (decimal 277)
   defining Unicode char U+0116 (decimal 278)
   defining Unicode char U+0117 (decimal 279)
   defining Unicode char U+0118 (decimal 280)
   defining Unicode char U+0119 (decimal 281)
   defining Unicode char U+011A (decimal 282)
   defining Unicode char U+011B (decimal 283)
   defining Unicode char U+011C (decimal 284)
   defining Unicode char U+011D (decimal 285)
   defining Unicode char U+011E (decimal 286)
   defining Unicode char U+011F (decimal 287)
   defining Unicode char U+0120 (decimal 288)
   defining Unicode char U+0121 (decimal 289)
   defining Unicode char U+0122 (decimal 290)
   defining Unicode char U+0123 (decimal 291)
   defining Unicode char U+0124 (decimal 292)
   defining Unicode char U+0125 (decimal 293)
   defining Unicode char U+0128 (decimal 296)
   defining Unicode char U+0129 (decimal 297)
   defining Unicode char U+012A (decimal 298)
   defining Unicode char U+012B (decimal 299)
   defining Unicode char U+012C (decimal 300)
   defining Unicode char U+012D (decimal 301)
   defining Unicode char U+012E (decimal 302)
   defining Unicode char U+012F (decimal 303)
   defining Unicode char U+0130 (decimal 304)
   defining Unicode char U+0131 (decimal 305)
   defining Unicode char U+0132 (decimal 306)
   defining Unicode char U+0133 (decimal 307)
   defining Unicode char U+0134 (decimal 308)
   defining Unicode char U+0135 (decimal 309)
   defining Unicode char U+0136 (decimal 310)
   defining Unicode char U+0137 (decimal 311)
   defining Unicode char U+0139 (decimal 313)
   defining Unicode char U+013A (decimal 314)
   defining Unicode char U+013B (decimal 315)
   defining Unicode char U+013C (decimal 316)
   defining Unicode char U+013D (decimal 317)
   defining Unicode char U+013E (decimal 318)
   defining Unicode char U+0141 (decimal 321)
   defining Unicode char U+0142 (decimal 322)
   defining Unicode char U+0143 (decimal 323)
   defining Unicode char U+0144 (decimal 324)
   defining Unicode char U+0145 (decimal 325)
   defining Unicode char U+0146 (decimal 326)
   defining Unicode char U+0147 (decimal 327)
   defining Unicode char U+0148 (decimal 328)
   defining Unicode char U+014A (decimal 330)
   defining Unicode char U+014B (decimal 331)
   defining Unicode char U+014C (decimal 332)
   defining Unicode char U+014D (decimal 333)
   defining Unicode char U+014E (decimal 334)
   defining Unicode char U+014F (decimal 335)
   defining Unicode char U+0150 (decimal 336)
   defining Unicode char U+0151 (decimal 337)
   defining Unicode char U+0152 (decimal 338)
   defining Unicode char U+0153 (decimal 339)
   defining Unicode char U+0154 (decimal 340)
   defining Unicode char U+0155 (decimal 341)
   defining Unicode char U+0156 (decimal 342)
   defining Unicode char U+0157 (decimal 343)
   defining Unicode char U+0158 (decimal 344)
   defining Unicode char U+0159 (decimal 345)
   defining Unicode char U+015A (decimal 346)
   defining Unicode char U+015B (decimal 347)
   defining Unicode char U+015C (decimal 348)
   defining Unicode char U+015D (decimal 349)
   defining Unicode char U+015E (decimal 350)
   defining Unicode char U+015F (decimal 351)
   defining Unicode char U+0160 (decimal 352)
   defining Unicode char U+0161 (decimal 353)
   defining Unicode char U+0162 (decimal 354)
   defining Unicode char U+0163 (decimal 355)
   defining Unicode char U+0164 (decimal 356)
   defining Unicode char U+0165 (decimal 357)
   defining Unicode char U+0168 (decimal 360)
   defining Unicode char U+0169 (decimal 361)
   defining Unicode char U+016A (decimal 362)
   defining Unicode char U+016B (decimal 363)
   defining Unicode char U+016C (decimal 364)
   defining Unicode char U+016D (decimal 365)
   defining Unicode char U+016E (decimal 366)
   defining Unicode char U+016F (decimal 367)
   defining Unicode char U+0170 (decimal 368)
   defining Unicode char U+0171 (decimal 369)
   defining Unicode char U+0172 (decimal 370)
   defining Unicode char U+0173 (decimal 371)
   defining Unicode char U+0174 (decimal 372)
   defining Unicode char U+0175 (decimal 373)
   defining Unicode char U+0176 (decimal 374)
   defining Unicode char U+0177 (decimal 375)
   defining Unicode char U+0178 (decimal 376)
   defining Unicode char U+0179 (decimal 377)
   defining Unicode char U+017A (decimal 378)
   defining Unicode char U+017B (decimal 379)
   defining Unicode char U+017C (decimal 380)
   defining Unicode char U+017D (decimal 381)
   defining Unicode char U+017E (decimal 382)
   defining Unicode char U+01CD (decimal 461)
   defining Unicode char U+01CE (decimal 462)
   defining Unicode char U+01CF (decimal 463)
   defining Unicode char U+01D0 (decimal 464)
   defining Unicode char U+01D1 (decimal 465)
   defining Unicode char U+01D2 (decimal 466)
   defining Unicode char U+01D3 (decimal 467)
   defining Unicode char U+01D4 (decimal 468)
   defining Unicode char U+01E2 (decimal 482)
   defining Unicode char U+01E3 (decimal 483)
   defining Unicode char U+01E6 (decimal 486)
   defining Unicode char U+01E7 (decimal 487)
   defining Unicode char U+01E8 (decimal 488)
   defining Unicode char U+01E9 (decimal 489)
   defining Unicode char U+01EA (decimal 490)
   defining Unicode char U+01EB (decimal 491)
   defining Unicode char U+01F0 (decimal 496)
   defining Unicode char U+01F4 (decimal 500)
   defining Unicode char U+01F5 (decimal 501)
   defining Unicode char U+0218 (decimal 536)
   defining Unicode char U+0219 (decimal 537)
   defining Unicode char U+021A (decimal 538)
   defining Unicode char U+021B (decimal 539)
   defining Unicode char U+0232 (decimal 562)
   defining Unicode char U+0233 (decimal 563)
   defining Unicode char U+1E02 (decimal 7682)
   defining Unicode char U+1E03 (decimal 7683)
   defining Unicode char U+200C (decimal 8204)
   defining Unicode char U+2010 (decimal 8208)
   defining Unicode char U+2011 (decimal 8209)
   defining Unicode char U+2012 (decimal 8210)
   defining Unicode char U+2013 (decimal 8211)
   defining Unicode char U+2014 (decimal 8212)
   defining Unicode char U+2015 (decimal 8213)
   defining Unicode char U+2018 (decimal 8216)
   defining Unicode char U+2019 (decimal 8217)
   defining Unicode char U+201A (decimal 8218)
   defining Unicode char U+201C (decimal 8220)
   defining Unicode char U+201D (decimal 8221)
   defining Unicode char U+201E (decimal 8222)
   defining Unicode char U+2030 (decimal 8240)
   defining Unicode char U+2031 (decimal 8241)
   defining Unicode char U+2039 (decimal 8249)
   defining Unicode char U+203A (decimal 8250)
   defining Unicode char U+2423 (decimal 9251)
   defining Unicode char U+1E20 (decimal 7712)
   defining Unicode char U+1E21 (decimal 7713)
)
Now handling font encoding OT1 ...
... processing UTF-8 mapping file for font encoding OT1

("C:\Users\juy173\AppData\Local\Programs\MiKTeX 2.9\tex\latex\base\ot1enc.dfu"
File: ot1enc.dfu 2017/01/28 v1.1t UTF-8 support for inputenc
   defining Unicode char U+00A0 (decimal 160)
   defining Unicode char U+00A1 (decimal 161)
   defining Unicode char U+00A3 (decimal 163)
   defining Unicode char U+00AD (decimal 173)
   defining Unicode char U+00B8 (decimal 184)
   defining Unicode char U+00BF (decimal 191)
   defining Unicode char U+00C5 (decimal 197)
   defining Unicode char U+00C6 (decimal 198)
   defining Unicode char U+00D8 (decimal 216)
   defining Unicode char U+00DF (decimal 223)
   defining Unicode char U+00E6 (decimal 230)
   defining Unicode char U+00EC (decimal 236)
   defining Unicode char U+00ED (decimal 237)
   defining Unicode char U+00EE (decimal 238)
   defining Unicode char U+00EF (decimal 239)
   defining Unicode char U+00F8 (decimal 248)
   defining Unicode char U+0131 (decimal 305)
   defining Unicode char U+0141 (decimal 321)
   defining Unicode char U+0142 (decimal 322)
   defining Unicode char U+0152 (decimal 338)
   defining Unicode char U+0153 (decimal 339)
   defining Unicode char U+0174 (decimal 372)
   defining Unicode char U+0175 (decimal 373)
   defining Unicode char U+0176 (decimal 374)
   defining Unicode char U+0177 (decimal 375)
   defining Unicode char U+0218 (decimal 536)
   defining Unicode char U+0219 (decimal 537)
   defining Unicode char U+021A (decimal 538)
   defining Unicode char U+021B (decimal 539)
   defining Unicode char U+2013 (decimal 8211)
   defining Unicode char U+2014 (decimal 8212)
   defining Unicode char U+2018 (decimal 8216)
   defining Unicode char U+2019 (decimal 8217)
   defining Unicode char U+201C (decimal 8220)
   defining Unicode char U+201D (decimal 8221)
)
Now handling font encoding OMS ...
... processing UTF-8 mapping file for font encoding OMS
("C:\Users\juy173\AppData\Local\Programs\MiKTeX 2.9\tex\latex\base\omsenc.dfu"
File: omsenc.dfu 2017/01/28 v1.1t UTF-8 support for inputenc
   defining Unicode char U+00A7 (decimal 167)
   defining Unicode char U+00B6 (decimal 182)
   defining Unicode char U+00B7 (decimal 183)
   defining Unicode char U+2020 (decimal 8224)
   defining Unicode char U+2021 (decimal 8225)
   defining Unicode char U+2022 (decimal 8226)
)
Now handling font encoding OMX ...
... no UTF-8 mapping file for font encoding OMX
Now handling font encoding U ...
... no UTF-8 mapping file for font encoding U
   defining Unicode char U+00A9 (decimal 169)
   defining Unicode char U+00AA (decimal 170)
   defining Unicode char U+00AE (decimal 174)
   defining Unicode char U+00BA (decimal 186)
   defining Unicode char U+02C6 (decimal 710)
   defining Unicode char U+02DC (decimal 732)
   defining Unicode char U+200C (decimal 8204)
   defining Unicode char U+2026 (decimal 8230)
   defining Unicode char U+2122 (decimal 8482)
   defining Unicode char U+2423 (decimal 9251)
)) ("C:\Users\juy173\AppData\Local\Programs\MiKTeX 2.9\tex\latex\lm\lmodern.sty
"
Package: lmodern 2009/10/30 v1.6 Latin Modern Fonts
LaTeX Font Info:    Overwriting symbol font `operators' in version `normal'
(Font)                  OT1/cmr/m/n --> OT1/lmr/m/n on input line 22.
LaTeX Font Info:    Overwriting symbol font `letters' in version `normal'
(Font)                  OML/cmm/m/it --> OML/lmm/m/it on input line 23.
LaTeX Font Info:    Overwriting symbol font `symbols' in version `normal'
(Font)                  OMS/cmsy/m/n --> OMS/lmsy/m/n on input line 24.
LaTeX Font Info:    Overwriting symbol font `largesymbols' in version `normal'
(Font)                  OMX/cmex/m/n --> OMX/lmex/m/n on input line 25.
LaTeX Font Info:    Overwriting symbol font `operators' in version `bold'
(Font)                  OT1/cmr/bx/n --> OT1/lmr/bx/n on input line 26.
LaTeX Font Info:    Overwriting symbol font `letters' in version `bold'
(Font)                  OML/cmm/b/it --> OML/lmm/b/it on input line 27.
LaTeX Font Info:    Overwriting symbol font `symbols' in version `bold'
(Font)                  OMS/cmsy/b/n --> OMS/lmsy/b/n on input line 28.
LaTeX Font Info:    Overwriting symbol font `largesymbols' in version `bold'
(Font)                  OMX/cmex/m/n --> OMX/lmex/m/n on input line 29.
LaTeX Font Info:    Overwriting math alphabet `\mathbf' in version `normal'
(Font)                  OT1/cmr/bx/n --> OT1/lmr/bx/n on input line 31.
LaTeX Font Info:    Overwriting math alphabet `\mathsf' in version `normal'
(Font)                  OT1/cmss/m/n --> OT1/lmss/m/n on input line 32.
LaTeX Font Info:    Overwriting math alphabet `\mathit' in version `normal'
(Font)                  OT1/cmr/m/it --> OT1/lmr/m/it on input line 33.
LaTeX Font Info:    Overwriting math alphabet `\mathtt' in version `normal'
(Font)                  OT1/cmtt/m/n --> OT1/lmtt/m/n on input line 34.
LaTeX Font Info:    Overwriting math alphabet `\mathbf' in version `bold'
(Font)                  OT1/cmr/bx/n --> OT1/lmr/bx/n on input line 35.
LaTeX Font Info:    Overwriting math alphabet `\mathsf' in version `bold'
(Font)                  OT1/cmss/bx/n --> OT1/lmss/bx/n on input line 36.
LaTeX Font Info:    Overwriting math alphabet `\mathit' in version `bold'
(Font)                  OT1/cmr/bx/it --> OT1/lmr/bx/it on input line 37.
LaTeX Font Info:    Overwriting math alphabet `\mathtt' in version `bold'
(Font)                  OT1/cmtt/m/n --> OT1/lmtt/m/n on input line 38.
)
("C:\Users\juy173\AppData\Local\Programs\MiKTeX 2.9\tex\latex\base\fontenc.sty"
Package: fontenc 2017/04/05 v2.0i Standard LaTeX package
("C:\Users\juy173\AppData\Local\Programs\MiKTeX 2.9\tex\latex\base\t1enc.def"
File: t1enc.def 2017/04/05 v2.0i Standard LaTeX file
LaTeX Font Info:    Redeclaring font encoding T1 on input line 48.
)) ("C:\Users\juy173\AppData\Local\Programs\MiKTeX 2.9\tex\latex\base\textcomp.
sty"
Package: textcomp 2017/04/05 v2.0i Standard LaTeX package
Package textcomp Info: Sub-encoding information:
(textcomp)               5 = only ISO-Adobe without \textcurrency
(textcomp)               4 = 5 + \texteuro
(textcomp)               3 = 4 + \textohm
(textcomp)               2 = 3 + \textestimated + \textcurrency
(textcomp)               1 = TS1 - \textcircled - \t
(textcomp)               0 = TS1 (full)
(textcomp)             Font families with sub-encoding setting implement
(textcomp)             only a restricted character set as indicated.
(textcomp)             Family '?' is the default used for unknown fonts.
(textcomp)             See the documentation for details.
Package textcomp Info: Setting ? sub-encoding to TS1/1 on input line 79.
 ("C:\Users\juy173\AppData\Local\Programs\MiKTeX 2.9\tex\latex\base\ts1enc.def"
File: ts1enc.def 2001/06/05 v3.0e (jk/car/fm) Standard LaTeX file
Now handling font encoding TS1 ...
... processing UTF-8 mapping file for font encoding TS1
 ("C:\Users\juy173\AppData\Local\Programs\MiKTeX 2.9\tex\latex\base\ts1enc.dfu"
File: ts1enc.dfu 2017/01/28 v1.1t UTF-8 support for inputenc
   defining Unicode char U+00A2 (decimal 162)
   defining Unicode char U+00A3 (decimal 163)
   defining Unicode char U+00A4 (decimal 164)
   defining Unicode char U+00A5 (decimal 165)
   defining Unicode char U+00A6 (decimal 166)
   defining Unicode char U+00A7 (decimal 167)
   defining Unicode char U+00A8 (decimal 168)
   defining Unicode char U+00A9 (decimal 169)
   defining Unicode char U+00AA (decimal 170)
   defining Unicode char U+00AC (decimal 172)
   defining Unicode char U+00AE (decimal 174)
   defining Unicode char U+00AF (decimal 175)
   defining Unicode char U+00B0 (decimal 176)
   defining Unicode char U+00B1 (decimal 177)
   defining Unicode char U+00B2 (decimal 178)
   defining Unicode char U+00B3 (decimal 179)
   defining Unicode char U+00B4 (decimal 180)
   defining Unicode char U+00B5 (decimal 181)
   defining Unicode char U+00B6 (decimal 182)
   defining Unicode char U+00B7 (decimal 183)
   defining Unicode char U+00B9 (decimal 185)
   defining Unicode char U+00BA (decimal 186)
   defining Unicode char U+00BC (decimal 188)
   defining Unicode char U+00BD (decimal 189)
   defining Unicode char U+00BE (decimal 190)
   defining Unicode char U+00D7 (decimal 215)
   defining Unicode char U+00F7 (decimal 247)
   defining Unicode char U+0192 (decimal 402)
   defining Unicode char U+02C7 (decimal 711)
   defining Unicode char U+02D8 (decimal 728)
   defining Unicode char U+02DD (decimal 733)
   defining Unicode char U+0E3F (decimal 3647)
   defining Unicode char U+2016 (decimal 8214)
   defining Unicode char U+2020 (decimal 8224)
   defining Unicode char U+2021 (decimal 8225)
   defining Unicode char U+2022 (decimal 8226)
   defining Unicode char U+2030 (decimal 8240)
   defining Unicode char U+2031 (decimal 8241)
   defining Unicode char U+203B (decimal 8251)
   defining Unicode char U+203D (decimal 8253)
   defining Unicode char U+2044 (decimal 8260)
   defining Unicode char U+204E (decimal 8270)
   defining Unicode char U+2052 (decimal 8274)
   defining Unicode char U+20A1 (decimal 8353)
   defining Unicode char U+20A4 (decimal 8356)
   defining Unicode char U+20A6 (decimal 8358)
   defining Unicode char U+20A9 (decimal 8361)
   defining Unicode char U+20AB (decimal 8363)
   defining Unicode char U+20AC (decimal 8364)
   defining Unicode char U+20B1 (decimal 8369)
   defining Unicode char U+2103 (decimal 8451)
   defining Unicode char U+2116 (decimal 8470)
   defining Unicode char U+2117 (decimal 8471)
   defining Unicode char U+211E (decimal 8478)
   defining Unicode char U+2120 (decimal 8480)
   defining Unicode char U+2122 (decimal 8482)
   defining Unicode char U+2126 (decimal 8486)
   defining Unicode char U+2127 (decimal 8487)
   defining Unicode char U+212E (decimal 8494)
   defining Unicode char U+2190 (decimal 8592)
   defining Unicode char U+2191 (decimal 8593)
   defining Unicode char U+2192 (decimal 8594)
   defining Unicode char U+2193 (decimal 8595)
   defining Unicode char U+2329 (decimal 9001)
   defining Unicode char U+232A (decimal 9002)
   defining Unicode char U+2422 (decimal 9250)
   defining Unicode char U+25E6 (decimal 9702)
   defining Unicode char U+25EF (decimal 9711)
   defining Unicode char U+266A (decimal 9834)
))
LaTeX Info: Redefining \oldstylenums on input line 334.
Package textcomp Info: Setting cmr sub-encoding to TS1/0 on input line 349.
Package textcomp Info: Setting cmss sub-encoding to TS1/0 on input line 350.
Package textcomp Info: Setting cmtt sub-encoding to TS1/0 on input line 351.
Package textcomp Info: Setting cmvtt sub-encoding to TS1/0 on input line 352.
Package textcomp Info: Setting cmbr sub-encoding to TS1/0 on input line 353.
Package textcomp Info: Setting cmtl sub-encoding to TS1/0 on input line 354.
Package textcomp Info: Setting ccr sub-encoding to TS1/0 on input line 355.
Package textcomp Info: Setting ptm sub-encoding to TS1/4 on input line 356.
Package textcomp Info: Setting pcr sub-encoding to TS1/4 on input line 357.
Package textcomp Info: Setting phv sub-encoding to TS1/4 on input line 358.
Package textcomp Info: Setting ppl sub-encoding to TS1/3 on input line 359.
Package textcomp Info: Setting pag sub-encoding to TS1/4 on input line 360.
Package textcomp Info: Setting pbk sub-encoding to TS1/4 on input line 361.
Package textcomp Info: Setting pnc sub-encoding to TS1/4 on input line 362.
Package textcomp Info: Setting pzc sub-encoding to TS1/4 on input line 363.
Package textcomp Info: Setting bch sub-encoding to TS1/4 on input line 364.
Package textcomp Info: Setting put sub-encoding to TS1/5 on input line 365.
Package textcomp Info: Setting uag sub-encoding to TS1/5 on input line 366.
Package textcomp Info: Setting ugq sub-encoding to TS1/5 on input line 367.
Package textcomp Info: Setting ul8 sub-encoding to TS1/4 on input line 368.
Package textcomp Info: Setting ul9 sub-encoding to TS1/4 on input line 369.
Package textcomp Info: Setting augie sub-encoding to TS1/5 on input line 370.
Package textcomp Info: Setting dayrom sub-encoding to TS1/3 on input line 371.
Package textcomp Info: Setting dayroms sub-encoding to TS1/3 on input line 372.

Package textcomp Info: Setting pxr sub-encoding to TS1/0 on input line 373.
Package textcomp Info: Setting pxss sub-encoding to TS1/0 on input line 374.
Package textcomp Info: Setting pxtt sub-encoding to TS1/0 on input line 375.
Package textcomp Info: Setting txr sub-encoding to TS1/0 on input line 376.
Package textcomp Info: Setting txss sub-encoding to TS1/0 on input line 377.
Package textcomp Info: Setting txtt sub-encoding to TS1/0 on input line 378.
Package textcomp Info: Setting lmr sub-encoding to TS1/0 on input line 379.
Package textcomp Info: Setting lmdh sub-encoding to TS1/0 on input line 380.
Package textcomp Info: Setting lmss sub-encoding to TS1/0 on input line 381.
Package textcomp Info: Setting lmssq sub-encoding to TS1/0 on input line 382.
Package textcomp Info: Setting lmvtt sub-encoding to TS1/0 on input line 383.
Package textcomp Info: Setting lmtt sub-encoding to TS1/0 on input line 384.
Package textcomp Info: Setting qhv sub-encoding to TS1/0 on input line 385.
Package textcomp Info: Setting qag sub-encoding to TS1/0 on input line 386.
Package textcomp Info: Setting qbk sub-encoding to TS1/0 on input line 387.
Package textcomp Info: Setting qcr sub-encoding to TS1/0 on input line 388.
Package textcomp Info: Setting qcs sub-encoding to TS1/0 on input line 389.
Package textcomp Info: Setting qpl sub-encoding to TS1/0 on input line 390.
Package textcomp Info: Setting qtm sub-encoding to TS1/0 on input line 391.
Package textcomp Info: Setting qzc sub-encoding to TS1/0 on input line 392.
Package textcomp Info: Setting qhvc sub-encoding to TS1/0 on input line 393.
Package textcomp Info: Setting futs sub-encoding to TS1/4 on input line 394.
Package textcomp Info: Setting futx sub-encoding to TS1/4 on input line 395.
Package textcomp Info: Setting futj sub-encoding to TS1/4 on input line 396.
Package textcomp Info: Setting hlh sub-encoding to TS1/3 on input line 397.
Package textcomp Info: Setting hls sub-encoding to TS1/3 on input line 398.
Package textcomp Info: Setting hlst sub-encoding to TS1/3 on input line 399.
Package textcomp Info: Setting hlct sub-encoding to TS1/5 on input line 400.
Package textcomp Info: Setting hlx sub-encoding to TS1/5 on input line 401.
Package textcomp Info: Setting hlce sub-encoding to TS1/5 on input line 402.
Package textcomp Info: Setting hlcn sub-encoding to TS1/5 on input line 403.
Package textcomp Info: Setting hlcw sub-encoding to TS1/5 on input line 404.
Package textcomp Info: Setting hlcf sub-encoding to TS1/5 on input line 405.
Package textcomp Info: Setting pplx sub-encoding to TS1/3 on input line 406.
Package textcomp Info: Setting pplj sub-encoding to TS1/3 on input line 407.
Package textcomp Info: Setting ptmx sub-encoding to TS1/4 on input line 408.
Package textcomp Info: Setting ptmj sub-encoding to TS1/4 on input line 409.
)
("C:\Users\juy173\AppData\Local\Programs\MiKTeX 2.9\tex\latex\amsfonts\eucal.st
y"
Package: eucal 2009/06/22 v3.00 Euler Script fonts
LaTeX Font Info:    Overwriting math alphabet `\EuScript' in version `bold'
(Font)                  U/eus/m/n --> U/eus/b/n on input line 33.
)
("C:\Users\juy173\AppData\Local\Programs\MiKTeX 2.9\tex\latex\amsfonts\amssymb.
sty"
Package: amssymb 2013/01/14 v3.01 AMS font symbols

("C:\Users\juy173\AppData\Local\Programs\MiKTeX 2.9\tex\latex\amsfonts\amsfonts
.sty"
Package: amsfonts 2013/01/14 v3.01 Basic AMSFonts support
\@emptytoks=\toks16
\symAMSa=\mathgroup4
\symAMSb=\mathgroup5
LaTeX Font Info:    Overwriting math alphabet `\mathfrak' in version `bold'
(Font)                  U/euf/m/n --> U/euf/b/n on input line 106.
))
("C:\Users\juy173\AppData\Local\Programs\MiKTeX 2.9\tex\latex\soul\soul.sty"
Package: soul 2003/11/17 v2.4 letterspacing/underlining (mf)
\SOUL@word=\toks17
\SOUL@lasttoken=\toks18
\SOUL@cmds=\toks19
\SOUL@buffer=\toks20
\SOUL@token=\toks21
\SOUL@spaceskip=\skip43
\SOUL@ttwidth=\dimen104
\SOUL@uldp=\dimen105
\SOUL@ulht=\dimen106
)
("C:\Users\juy173\AppData\Local\Programs\MiKTeX 2.9\tex\latex\graphics\color.st
y"
Package: color 2016/07/10 v1.1e Standard LaTeX Color (DPC)

("C:\Users\juy173\AppData\Local\Programs\MiKTeX 2.9\tex\latex\graphics-cfg\colo
r.cfg"
File: color.cfg 2016/01/02 v1.6 sample color configuration
)
Package color Info: Driver file: pdftex.def on input line 147.

("C:\Users\juy173\AppData\Local\Programs\MiKTeX 2.9\tex\latex\graphics-def\pdft
ex.def"
File: pdftex.def 2017/06/24 v1.0g Graphics/color driver for pdftex
))
("C:\Users\juy173\AppData\Local\Programs\MiKTeX 2.9\tex\generic\babel\babel.sty
"
Package: babel 2017/11/03 3.15 The Babel package

("C:\Users\juy173\AppData\Local\Programs\MiKTeX 2.9\tex\generic\babel\switch.de
f"
File: switch.def 2017/11/03 3.15 Babel switching mechanism
)
*************************************
* Local config file bblopts.cfg used
*
("C:\Users\juy173\AppData\Local\Programs\MiKTeX 2.9\tex\latex\arabi\bblopts.cfg
"
File: bblopts.cfg 2005/09/08 v0.1 add Arabic and Farsi to "declared" options of
 babel
)
("C:\Users\juy173\AppData\Local\Programs\MiKTeX 2.9\tex\latex\babel-english\UKe
nglish.ldf"
Language: UKenglish 2017/06/06 v3.3r English support from the babel system

("C:\Users\juy173\AppData\Local\Programs\MiKTeX 2.9\tex\latex\babel-english\eng
lish.ldf"
Language: english 2017/06/06 v3.3r English support from the babel system

("C:\Users\juy173\AppData\Local\Programs\MiKTeX 2.9\tex\generic\babel\babel.def
"
File: babel.def 2017/11/03 3.15 Babel common definitions

("C:\Users\juy173\AppData\Local\Programs\MiKTeX 2.9\tex\generic\babel\switch.de
f"
File: switch.def 2017/11/03 3.15 Babel switching mechanism
)
\babel@savecnt=\count87
\U@D=\dimen107
)
\l@canadian = a dialect from \language\l@american 
\l@australian = a dialect from \language\l@british 
\l@newzealand = a dialect from \language\l@british 
)))
("C:\Users\juy173\AppData\Local\Programs\MiKTeX 2.9\tex\latex\amsmath\amsmath.s
ty"
Package: amsmath 2017/09/02 v2.17a AMS math features
\@mathmargin=\skip44

For additional information on amsmath, use the `?' option.

("C:\Users\juy173\AppData\Local\Programs\MiKTeX 2.9\tex\latex\amsmath\amstext.s
ty"
Package: amstext 2000/06/29 v2.01 AMS text

("C:\Users\juy173\AppData\Local\Programs\MiKTeX 2.9\tex\latex\amsmath\amsgen.st
y"
File: amsgen.sty 1999/11/30 v2.0 generic functions
\@emptytoks=\toks22
\ex@=\dimen108
))
("C:\Users\juy173\AppData\Local\Programs\MiKTeX 2.9\tex\latex\amsmath\amsbsy.st
y"
Package: amsbsy 1999/11/29 v1.2d Bold Symbols
\pmbraise@=\dimen109
)
("C:\Users\juy173\AppData\Local\Programs\MiKTeX 2.9\tex\latex\amsmath\amsopn.st
y"
Package: amsopn 2016/03/08 v2.02 operator names
)
\inf@bad=\count88
LaTeX Info: Redefining \frac on input line 213.
\uproot@=\count89
\leftroot@=\count90
LaTeX Info: Redefining \overline on input line 375.
\classnum@=\count91
\DOTSCASE@=\count92
LaTeX Info: Redefining \ldots on input line 472.
LaTeX Info: Redefining \dots on input line 475.
LaTeX Info: Redefining \cdots on input line 596.
\Mathstrutbox@=\box26
\strutbox@=\box27
\big@size=\dimen110
LaTeX Font Info:    Redeclaring font encoding OML on input line 712.
LaTeX Font Info:    Redeclaring font encoding OMS on input line 713.
\macc@depth=\count93
\c@MaxMatrixCols=\count94
\dotsspace@=\muskip10
\c@parentequation=\count95
\dspbrk@lvl=\count96
\tag@help=\toks23
\row@=\count97
\column@=\count98
\maxfields@=\count99
\andhelp@=\toks24
\eqnshift@=\dimen111
\alignsep@=\dimen112
\tagshift@=\dimen113
\tagwidth@=\dimen114
\totwidth@=\dimen115
\lineht@=\dimen116
\@envbody=\toks25
\multlinegap=\skip45
\multlinetaggap=\skip46
\mathdisplay@stack=\toks26
LaTeX Info: Redefining \[ on input line 2817.
LaTeX Info: Redefining \] on input line 2818.
)
("C:\Users\juy173\AppData\Local\Programs\MiKTeX 2.9\tex\latex\tools\enumerate.s
ty"
Package: enumerate 2015/07/23 v3.00 enumerate extensions (DPC)
\@enLab=\toks27
)
("C:\Users\juy173\AppData\Local\Programs\MiKTeX 2.9\tex\latex\amscls\amsthm.sty
"
Package: amsthm 2015/03/04 v2.20.2
\thm@style=\toks28
\thm@bodyfont=\toks29
\thm@headfont=\toks30
\thm@notefont=\toks31
\thm@headpunct=\toks32
\thm@preskip=\skip47
\thm@postskip=\skip48
\thm@headsep=\skip49
\dth@everypar=\toks33
)
\c@theorem=\count100

("C:\Users\juy173\AppData\Local\Programs\MiKTeX 2.9\tex\latex\graphics\graphicx
.sty"
Package: graphicx 2017/06/01 v1.1a Enhanced LaTeX Graphics (DPC,SPQR)

("C:\Users\juy173\AppData\Local\Programs\MiKTeX 2.9\tex\latex\graphics\keyval.s
ty"
Package: keyval 2014/10/28 v1.15 key=value parser (DPC)
\KV@toks@=\toks34
)
("C:\Users\juy173\AppData\Local\Programs\MiKTeX 2.9\tex\latex\graphics\graphics
.sty"
Package: graphics 2017/06/25 v1.2c Standard LaTeX Graphics (DPC,SPQR)

("C:\Users\juy173\AppData\Local\Programs\MiKTeX 2.9\tex\latex\graphics\trig.sty
"
Package: trig 2016/01/03 v1.10 sin cos tan (DPC)
)
("C:\Users\juy173\AppData\Local\Programs\MiKTeX 2.9\tex\latex\graphics-cfg\grap
hics.cfg"
File: graphics.cfg 2016/06/04 v1.11 sample graphics configuration
)
Package graphics Info: Driver file: pdftex.def on input line 99.
)
\Gin@req@height=\dimen117
\Gin@req@width=\dimen118
)
("C:\Users\juy173\AppData\Local\Programs\MiKTeX 2.9\tex\latex\tools\array.sty"
Package: array 2016/10/06 v2.4d Tabular extension package (FMi)
\col@sep=\dimen119
\extrarowheight=\dimen120
\NC@list=\toks35
\extratabsurround=\skip50
\backup@length=\skip51
)
("C:\Users\juy173\AppData\Local\Programs\MiKTeX 2.9\tex\latex\multirow\multirow
.sty"
Package: multirow 2016/11/25 v2.2 Span multiple rows of a table
\multirow@colwidth=\skip52
\multirow@cntb=\count101
\multirow@dima=\skip53
\bigstrutjot=\dimen121
)
("C:\Users\juy173\AppData\Local\Programs\MiKTeX 2.9\tex\latex\tools\tabularx.st
y"
Package: tabularx 2016/02/03 v2.11 `tabularx' package (DPC)
\TX@col@width=\dimen122
\TX@old@table=\dimen123
\TX@old@col=\dimen124
\TX@target=\dimen125
\TX@delta=\dimen126
\TX@cols=\count102
\TX@ftn=\toks36
)
("C:\Users\juy173\AppData\Local\Programs\MiKTeX 2.9\tex\latex\threeparttable\th
reeparttable.sty"
Package: threeparttable 2003/06/13  v 3.0
\@tempboxb=\box28
)
("C:\Users\juy173\AppData\Local\Programs\MiKTeX 2.9\tex\latex\listings\listings
.sty"
\lst@mode=\count103
\lst@gtempboxa=\box29
\lst@token=\toks37
\lst@length=\count104
\lst@currlwidth=\dimen127
\lst@column=\count105
\lst@pos=\count106
\lst@lostspace=\dimen128
\lst@width=\dimen129
\lst@newlines=\count107
\lst@lineno=\count108
\lst@maxwidth=\dimen130

("C:\Users\juy173\AppData\Local\Programs\MiKTeX 2.9\tex\latex\listings\lstmisc.
sty"
File: lstmisc.sty 2015/06/04 1.6 (Carsten Heinz)
\c@lstnumber=\count109
\lst@skipnumbers=\count110
\lst@framebox=\box30
)
("C:\Users\juy173\AppData\Local\Programs\MiKTeX 2.9\tex\latex\listings\listings
.cfg"
File: listings.cfg 2015/06/04 1.6 listings configuration
))
Package: listings 2015/06/04 1.6 (Carsten Heinz)

("C:\Users\juy173\AppData\Local\Programs\MiKTeX 2.9\tex\latex\lineno\lineno.sty
"
Package: lineno 2005/11/02 line numbers on paragraphs v4.41
\linenopenalty=\count111
\output=\toks38
\linenoprevgraf=\count112
\linenumbersep=\dimen131
\linenumberwidth=\dimen132
\c@linenumber=\count113
\c@pagewiselinenumber=\count114
\c@LN@truepage=\count115
\c@internallinenumber=\count116
\c@internallinenumbers=\count117
\quotelinenumbersep=\dimen133
\bframerule=\dimen134
\bframesep=\dimen135
\bframebox=\box31
LaTeX Info: Redefining \\ on input line 3056.
)
("C:\Users\juy173\AppData\Local\Programs\MiKTeX 2.9\tex\latex\lastpage\lastpage
.sty"
Package: lastpage 2015/03/29 v1.2m Refers to last page's name (HMM; JPG)
) ("C:\Users\juy173\AppData\Local\Programs\MiKTeX 2.9\tex\latex\doi\doi.sty"
Package: doi 2007/07/24 handle doi numbers

("C:\Users\juy173\AppData\Local\Programs\MiKTeX 2.9\tex\latex\hyperref\hyperref
.sty"
Package: hyperref 2017/03/14 v6.85a Hypertext links for LaTeX

("C:\Users\juy173\AppData\Local\Programs\MiKTeX 2.9\tex\generic\oberdiek\hobsub
-hyperref.sty"
Package: hobsub-hyperref 2016/05/16 v1.14 Bundle oberdiek, subset hyperref (HO)


("C:\Users\juy173\AppData\Local\Programs\MiKTeX 2.9\tex\generic\oberdiek\hobsub
-generic.sty"
Package: hobsub-generic 2016/05/16 v1.14 Bundle oberdiek, subset generic (HO)
Package: hobsub 2016/05/16 v1.14 Construct package bundles (HO)
Package: infwarerr 2016/05/16 v1.4 Providing info/warning/error messages (HO)
Package: ltxcmds 2016/05/16 v1.23 LaTeX kernel commands for general use (HO)
Package: ifluatex 2016/05/16 v1.4 Provides the ifluatex switch (HO)
Package ifluatex Info: LuaTeX not detected.
Package: ifvtex 2016/05/16 v1.6 Detect VTeX and its facilities (HO)
Package ifvtex Info: VTeX not detected.
Package: intcalc 2016/05/16 v1.2 Expandable calculations with integers (HO)
Package: ifpdf 2017/03/15 v3.2 Provides the ifpdf switch
Package: etexcmds 2016/05/16 v1.6 Avoid name clashes with e-TeX commands (HO)
Package etexcmds Info: Could not find \expanded.
(etexcmds)             That can mean that you are not using pdfTeX 1.50 or
(etexcmds)             that some package has redefined \expanded.
(etexcmds)             In the latter case, load this package earlier.
Package: kvsetkeys 2016/05/16 v1.17 Key value parser (HO)
Package: kvdefinekeys 2016/05/16 v1.4 Define keys (HO)
Package: pdftexcmds 2017/03/19 v0.25 Utility functions of pdfTeX for LuaTeX (HO
)
Package pdftexcmds Info: LuaTeX not detected.
Package pdftexcmds Info: \pdf@primitive is available.
Package pdftexcmds Info: \pdf@ifprimitive is available.
Package pdftexcmds Info: \pdfdraftmode found.
Package: pdfescape 2016/05/16 v1.14 Implements pdfTeX's escape features (HO)
Package: bigintcalc 2016/05/16 v1.4 Expandable calculations on big integers (HO
)
Package: bitset 2016/05/16 v1.2 Handle bit-vector datatype (HO)
Package: uniquecounter 2016/05/16 v1.3 Provide unlimited unique counter (HO)
)
Package hobsub Info: Skipping package `hobsub' (already loaded).
Package: letltxmacro 2016/05/16 v1.5 Let assignment for LaTeX macros (HO)
Package: hopatch 2016/05/16 v1.3 Wrapper for package hooks (HO)
Package: xcolor-patch 2016/05/16 xcolor patch
Package: atveryend 2016/05/16 v1.9 Hooks at the very end of document (HO)
Package atveryend Info: \enddocument detected (standard20110627).
Package: atbegshi 2016/06/09 v1.18 At begin shipout hook (HO)
Package: refcount 2016/05/16 v3.5 Data extraction from label references (HO)
Package: hycolor 2016/05/16 v1.8 Color options for hyperref/bookmark (HO)
)
("C:\Users\juy173\AppData\Local\Programs\MiKTeX 2.9\tex\generic\ifxetex\ifxetex
.sty"
Package: ifxetex 2010/09/12 v0.6 Provides ifxetex conditional
)
("C:\Users\juy173\AppData\Local\Programs\MiKTeX 2.9\tex\latex\oberdiek\auxhook.
sty"
Package: auxhook 2016/05/16 v1.4 Hooks for auxiliary files (HO)
)
("C:\Users\juy173\AppData\Local\Programs\MiKTeX 2.9\tex\latex\oberdiek\kvoption
s.sty"
Package: kvoptions 2016/05/16 v3.12 Key value format for package options (HO)
)
\@linkdim=\dimen136
\Hy@linkcounter=\count118
\Hy@pagecounter=\count119

("C:\Users\juy173\AppData\Local\Programs\MiKTeX 2.9\tex\latex\hyperref\pd1enc.d
ef"
File: pd1enc.def 2017/03/14 v6.85a Hyperref: PDFDocEncoding definition (HO)
Now handling font encoding PD1 ...
... no UTF-8 mapping file for font encoding PD1
)
\Hy@SavedSpaceFactor=\count120

("C:\Users\juy173\AppData\Local\Programs\MiKTeX 2.9\tex\latex\00miktex\hyperref
.cfg"
File: hyperref.cfg 2002/06/06 v1.2 hyperref configuration of TeXLive
)
Package hyperref Info: Hyper figures OFF on input line 4498.
Package hyperref Info: Link nesting OFF on input line 4503.
Package hyperref Info: Hyper index ON on input line 4506.
Package hyperref Info: Plain pages OFF on input line 4513.
Package hyperref Info: Backreferencing OFF on input line 4518.
Package hyperref Info: Implicit mode ON; LaTeX internals redefined.
Package hyperref Info: Bookmarks ON on input line 4751.
\c@Hy@tempcnt=\count121
 ("C:\Users\juy173\AppData\Local\Programs\MiKTeX 2.9\tex\latex\url\url.sty"
\Urlmuskip=\muskip11
Package: url 2013/09/16  ver 3.4  Verb mode for urls, etc.
)
LaTeX Info: Redefining \url on input line 5104.
\XeTeXLinkMargin=\dimen137
\Fld@menulength=\count122
\Field@Width=\dimen138
\Fld@charsize=\dimen139
Package hyperref Info: Hyper figures OFF on input line 6358.
Package hyperref Info: Link nesting OFF on input line 6363.
Package hyperref Info: Hyper index ON on input line 6366.
Package hyperref Info: backreferencing OFF on input line 6373.
Package hyperref Info: Link coloring OFF on input line 6378.
Package hyperref Info: Link coloring with OCG OFF on input line 6383.
Package hyperref Info: PDF/A mode OFF on input line 6388.
LaTeX Info: Redefining \ref on input line 6428.
LaTeX Info: Redefining \pageref on input line 6432.
\Hy@abspage=\count123
\c@Item=\count124
\c@Hfootnote=\count125
)

Package hyperref Message: Driver (autodetected): hpdftex.


("C:\Users\juy173\AppData\Local\Programs\MiKTeX 2.9\tex\latex\hyperref\hpdftex.
def"
File: hpdftex.def 2017/03/14 v6.85a Hyperref driver for pdfTeX
\Fld@listcount=\count126
\c@bookmark@seq@number=\count127

("C:\Users\juy173\AppData\Local\Programs\MiKTeX 2.9\tex\latex\oberdiek\rerunfil
echeck.sty"
Package: rerunfilecheck 2016/05/16 v1.8 Rerun checks for auxiliary files (HO)
Package uniquecounter Info: New unique counter `rerunfilecheck' on input line 2
82.
)
\Hy@SectionHShift=\skip54
))
("C:\Users\juy173\AppData\Local\Programs\MiKTeX 2.9\tex\latex\caption\caption.s
ty"
Package: caption 2016/02/21 v3.3-144 Customizing captions (AR)

("C:\Users\juy173\AppData\Local\Programs\MiKTeX 2.9\tex\latex\caption\caption3.
sty"
Package: caption3 2016/05/22 v1.7-166 caption3 kernel (AR)
Package caption3 Info: TeX engine: e-TeX on input line 67.
\captionmargin=\dimen140
\captionmargin@=\dimen141
\captionwidth=\dimen142
\caption@tempdima=\dimen143
\caption@indent=\dimen144
\caption@parindent=\dimen145
\caption@hangindent=\dimen146
)
\c@ContinuedFloat=\count128
Package caption Info: hyperref package is loaded.
Package caption Info: listings package is loaded.
Package caption Info: threeparttable package is loaded.
)
("C:\Users\juy173\AppData\Local\Programs\MiKTeX 2.9\tex\latex\graphics\rotating
.sty"
Package: rotating 2016/08/11 v2.16d rotated objects in LaTeX

("C:\Users\juy173\AppData\Local\Programs\MiKTeX 2.9\tex\latex\base\ifthen.sty"
Package: ifthen 2014/09/29 v1.1c Standard LaTeX ifthen package (DPC)
)
\c@r@tfl@t=\count129
\rotFPtop=\skip55
\rotFPbot=\skip56
\rot@float@box=\box32
\rot@mess@toks=\toks39
)
("C:\Users\juy173\AppData\Local\Programs\MiKTeX 2.9\tex\latex\caption\subcaptio
n.sty"
Package: subcaption 2016/05/22 v1.1-161 Sub-captions (AR)
\c@subfigure=\count130
\c@subtable=\count131
)
("C:\Users\juy173\AppData\Local\Programs\MiKTeX 2.9\tex\latex\xstring\xstring.s
ty"
("C:\Users\juy173\AppData\Local\Programs\MiKTeX 2.9\tex\generic\xstring\xstring
.tex"
\@xs@message=\write4
\integerpart=\count132
\decimalpart=\count133
)
Package: xstring 2013/10/13  v1.7c  String manipulations (C Tellechea)
)
\c@author=\count134
)
("C:\Users\juy173\AppData\Local\Programs\MiKTeX 2.9\tex\latex\microtype\microty
pe.sty"
Package: microtype 2018/01/14 v2.7a Micro-typographical refinements (RS)
\MT@toks=\toks40
\MT@count=\count135
LaTeX Info: Redefining \textls on input line 793.
\MT@outer@kern=\dimen147
LaTeX Info: Redefining \textmicrotypecontext on input line 1339.
\MT@listname@count=\count136

("C:\Users\juy173\AppData\Local\Programs\MiKTeX 2.9\tex\latex\microtype\microty
pe-pdftex.def"
File: microtype-pdftex.def 2018/01/14 v2.7a Definitions specific to pdftex (RS)

LaTeX Info: Redefining \lsstyle on input line 913.
LaTeX Info: Redefining \lslig on input line 913.
\MT@outer@space=\skip57
)
Package microtype Info: Loading configuration file microtype.cfg.

("C:\Users\juy173\AppData\Local\Programs\MiKTeX 2.9\tex\latex\microtype\microty
pe.cfg"
File: microtype.cfg 2018/01/14 v2.7a microtype main configuration file (RS)
)) (giscience2018.aux)
\openout1 = `giscience2018.aux'.

LaTeX Font Info:    Checking defaults for OML/cmm/m/it on input line 66.
LaTeX Font Info:    ... okay on input line 66.
LaTeX Font Info:    Checking defaults for T1/cmr/m/n on input line 66.
LaTeX Font Info:    ... okay on input line 66.
LaTeX Font Info:    Checking defaults for OT1/cmr/m/n on input line 66.
LaTeX Font Info:    ... okay on input line 66.
LaTeX Font Info:    Checking defaults for OMS/cmsy/m/n on input line 66.
LaTeX Font Info:    ... okay on input line 66.
LaTeX Font Info:    Checking defaults for OMX/cmex/m/n on input line 66.
LaTeX Font Info:    ... okay on input line 66.
LaTeX Font Info:    Checking defaults for U/cmr/m/n on input line 66.
LaTeX Font Info:    ... okay on input line 66.
LaTeX Font Info:    Checking defaults for TS1/cmr/m/n on input line 66.
LaTeX Font Info:    Try loading font information for TS1+cmr on input line 66.

("C:\Users\juy173\AppData\Local\Programs\MiKTeX 2.9\tex\latex\base\ts1cmr.fd"
File: ts1cmr.fd 2014/09/29 v2.5h Standard LaTeX font definitions
)
LaTeX Font Info:    ... okay on input line 66.
LaTeX Font Info:    Checking defaults for PD1/pdf/m/n on input line 66.
LaTeX Font Info:    ... okay on input line 66.
LaTeX Font Info:    Try loading font information for T1+lmr on input line 66.

("C:\Users\juy173\AppData\Local\Programs\MiKTeX 2.9\tex\latex\lm\t1lmr.fd"
File: t1lmr.fd 2009/10/30 v1.6 Font defs for Latin Modern
)
("C:\Users\juy173\AppData\Local\Programs\MiKTeX 2.9\tex\context\base\supp-pdf.m
kii"
[Loading MPS to PDF converter (version 2006.09.02).]
\scratchcounter=\count137
\scratchdimen=\dimen148
\scratchbox=\box33
\nofMPsegments=\count138
\nofMParguments=\count139
\everyMPshowfont=\toks41
\MPscratchCnt=\count140
\MPscratchDim=\dimen149
\MPnumerator=\count141
\makeMPintoPDFobject=\count142
\everyMPtoPDFconversion=\toks42
)
("C:\Users\juy173\AppData\Local\Programs\MiKTeX 2.9\tex\latex\oberdiek\epstopdf
-base.sty"
Package: epstopdf-base 2016/05/15 v2.6 Base part for package epstopdf

("C:\Users\juy173\AppData\Local\Programs\MiKTeX 2.9\tex\latex\oberdiek\grfext.s
ty"
Package: grfext 2016/05/16 v1.2 Manage graphics extensions (HO)
)
Package epstopdf-base Info: Redefining graphics rule for `.eps' on input line 4
38.
Package grfext Info: Graphics extension search list:
(grfext)             [.pdf,.png,.jpg,.mps,.jpeg,.jbig2,.jb2,.PDF,.PNG,.JPG,.JPE
G,.JBIG2,.JB2,.eps]
(grfext)             \AppendGraphicsExtensions on input line 456.
)
\c@lstlisting=\count143
Package lastpage Info: Please have a look at the pageslts package at
(lastpage)             https://www.ctan.org/pkg/pageslts
(lastpage)             ! on input line 66.
\AtBeginShipoutBox=\box34
Package hyperref Info: Link coloring OFF on input line 66.

("C:\Users\juy173\AppData\Local\Programs\MiKTeX 2.9\tex\latex\hyperref\nameref.
sty"
Package: nameref 2016/05/21 v2.44 Cross-referencing by name of section

("C:\Users\juy173\AppData\Local\Programs\MiKTeX 2.9\tex\generic\oberdiek\gettit
lestring.sty"
Package: gettitlestring 2016/05/16 v1.5 Cleanup title references (HO)
)
\c@section@level=\count144
)
LaTeX Info: Redefining \ref on input line 66.
LaTeX Info: Redefining \pageref on input line 66.
LaTeX Info: Redefining \nameref on input line 66.
 (giscience2018.out) (giscience2018.out)
\@outlinefile=\write5
\openout5 = `giscience2018.out'.

Package caption Info: Begin \AtBeginDocument code.
Package caption Info: rotating package is loaded.
Package caption Info: End \AtBeginDocument code.
LaTeX Info: Redefining \microtypecontext on input line 66.
Package microtype Info: Generating PDF output.
Package microtype Info: Character protrusion enabled (level 2).
Package microtype Info: Using default protrusion set `alltext'.
Package microtype Info: Automatic font expansion enabled (level 2),
(microtype)             stretch: 20, shrink: 20, step: 1, non-selected.
Package microtype Info: Using default expansion set `basictext'.
Package microtype Info: No adjustment of tracking.
Package microtype Info: No adjustment of interword spacing.
Package microtype Info: No adjustment of character kerning.

("C:\Users\juy173\AppData\Local\Programs\MiKTeX 2.9\tex\latex\microtype\mt-cmr.
cfg"
File: mt-cmr.cfg 2013/05/19 v2.2 microtype config. file: Computer Modern Roman 
(RS)
)
LaTeX Font Info:    Try loading font information for T1+lmss on input line 69.
 ("C:\Users\juy173\AppData\Local\Programs\MiKTeX 2.9\tex\latex\lm\t1lmss.fd"
File: t1lmss.fd 2009/10/30 v1.6 Font defs for Latin Modern
)
Package microtype Info: Loading generic protrusion settings for font family
(microtype)             `lmss' (encoding: T1).
(microtype)             For optimal results, create family-specific settings.
(microtype)             See the microtype manual for details.
LaTeX Font Info:    Try loading font information for OT1+lmr on input line 69.
 ("C:\Users\juy173\AppData\Local\Programs\MiKTeX 2.9\tex\latex\lm\ot1lmr.fd"
File: ot1lmr.fd 2009/10/30 v1.6 Font defs for Latin Modern
)
LaTeX Font Info:    Try loading font information for OML+lmm on input line 69.
 ("C:\Users\juy173\AppData\Local\Programs\MiKTeX 2.9\tex\latex\lm\omllmm.fd"
File: omllmm.fd 2009/10/30 v1.6 Font defs for Latin Modern
)
LaTeX Font Info:    Try loading font information for OMS+lmsy on input line 69.


("C:\Users\juy173\AppData\Local\Programs\MiKTeX 2.9\tex\latex\lm\omslmsy.fd"
File: omslmsy.fd 2009/10/30 v1.6 Font defs for Latin Modern
)
LaTeX Font Info:    Try loading font information for OMX+lmex on input line 69.


("C:\Users\juy173\AppData\Local\Programs\MiKTeX 2.9\tex\latex\lm\omxlmex.fd"
File: omxlmex.fd 2009/10/30 v1.6 Font defs for Latin Modern
)
LaTeX Font Info:    External font `lmex10' loaded for size
(Font)              <10> on input line 69.
LaTeX Font Info:    External font `lmex10' loaded for size
(Font)              <7> on input line 69.
LaTeX Font Info:    External font `lmex10' loaded for size
(Font)              <5> on input line 69.
LaTeX Font Info:    Try loading font information for U+msa on input line 69.

("C:\Users\juy173\AppData\Local\Programs\MiKTeX 2.9\tex\latex\amsfonts\umsa.fd"
File: umsa.fd 2013/01/14 v3.01 AMS symbols A
)
("C:\Users\juy173\AppData\Local\Programs\MiKTeX 2.9\tex\latex\microtype\mt-msa.
cfg"
File: mt-msa.cfg 2006/02/04 v1.1 microtype config. file: AMS symbols (a) (RS)
)
LaTeX Font Info:    Try loading font information for U+msb on input line 69.

("C:\Users\juy173\AppData\Local\Programs\MiKTeX 2.9\tex\latex\amsfonts\umsb.fd"
File: umsb.fd 2013/01/14 v3.01 AMS symbols B
)
("C:\Users\juy173\AppData\Local\Programs\MiKTeX 2.9\tex\latex\microtype\mt-msb.
cfg"
File: mt-msb.cfg 2005/06/01 v1.0 microtype config. file: AMS symbols (b) (RS)
)
LaTeX Font Info:    External font `lmex10' loaded for size
(Font)              <12> on input line 69.
LaTeX Font Info:    External font `lmex10' loaded for size
(Font)              <8> on input line 69.
LaTeX Font Info:    External font `lmex10' loaded for size
(Font)              <6> on input line 69.
LaTeX Font Info:    Calculating math sizes for size <8.5> on input line 69.
LaTeX Font Info:    External font `lmex10' loaded for size
(Font)              <8.5> on input line 69.
LaTeX Font Info:    External font `lmex10' loaded for size
(Font)              <5.94997> on input line 69.
LaTeX Font Info:    External font `lmex10' loaded for size
(Font)              <4.25> on input line 69.
<orcid.pdf, id=57, pagebox=cropbox, 256.96pt x 256.96pt>
File: orcid.pdf Graphic file (type pdf)
<use orcid.pdf>
Package pdftex.def Info: orcid.pdf  used on input line 69. on input line 69.
Package pdftex.def Info: Requested size: 9.99826pt x 10.0pt on input line 69.
File: orcid.pdf Graphic file (type pdf)
<use orcid.pdf>
Package pdftex.def Info: orcid.pdf  used on input line 69. on input line 69.
Package pdftex.def Info: Requested size: 9.99826pt x 10.0pt on input line 69.
File: orcid.pdf Graphic file (type pdf)
<use orcid.pdf>
Package pdftex.def Info: orcid.pdf  used on input line 69. on input line 69.
Package pdftex.def Info: Requested size: 9.99826pt x 10.0pt on input line 69.
\openout3 = `giscience2018.vtc'.

LaTeX Font Info:    Calculating math sizes for size <9.5> on input line 74.
LaTeX Font Info:    External font `lmex10' loaded for size
(Font)              <9.5> on input line 74.
LaTeX Font Info:    External font `lmex10' loaded for size
(Font)              <6.64996> on input line 74.
LaTeX Font Info:    External font `lmex10' loaded for size
(Font)              <4.75> on input line 74.
<cc-by.pdf, id=70, pagebox=cropbox, 88.33pt x 31.11626pt>
File: cc-by.pdf Graphic file (type pdf)
<use cc-by.pdf>
Package pdftex.def Info: cc-by.pdf  used on input line 85. on input line 85.
Package pdftex.def Info: Requested size: 39.74274pt x 14.0pt on input line 85.
LaTeX Font Info:    Try loading font information for TS1+lmr on input line 85.
 ("C:\Users\juy173\AppData\Local\Programs\MiKTeX 2.9\tex\latex\lm\ts1lmr.fd"
File: ts1lmr.fd 2009/10/30 v1.6 Font defs for Latin Modern
)
<lipics-logo-bw.pdf, id=74, pagebox=cropbox, 591.44762pt x 144.42657pt>
File: lipics-logo-bw.pdf Graphic file (type pdf)
<use lipics-logo-bw.pdf>
Package pdftex.def Info: lipics-logo-bw.pdf  used on input line 85. on input li
ne 85.
Package pdftex.def Info: Requested size: 64.00354pt x 14.0pt on input line 85.
 [1

{C:/Users/juy173/AppData/Local/MiKTeX/2.9/pdftex/config/pdftex.map} <./cc-by.pd
f> <./orcid.pdf> <./lipics-logo-bw.pdf>]
Underfull \vbox (badness 1881) has occurred while \output is active []

 [2]
Package epstopdf Info: Source file: <images/depth_uni.eps>
(epstopdf)                    date: 2018-02-13 20:47:48
(epstopdf)                    size: 602382 bytes
(epstopdf)             Output file: <images/depth_uni-eps-converted-to.pdf>
(epstopdf)                    date: 2018-02-13 20:58:04
(epstopdf)                    size: 13613 bytes
(epstopdf)             Command: <epstopdf --outfile=images/depth_uni-eps-conver
ted-to.pdf images/depth_uni.eps>
(epstopdf)             \includegraphics on input line 171.
Package epstopdf Info: Output file is already uptodate.
<images/depth_uni-eps-converted-to.pdf, id=157, pagebox=cropbox, 409.53pt x 100
.375pt>
File: images/depth_uni-eps-converted-to.pdf Graphic file (type pdf)
<use images/depth_uni-eps-converted-to.pdf>
Package pdftex.def Info: images/depth_uni-eps-converted-to.pdf  used on input l
ine 171. on input line 171.
Package pdftex.def Info: Requested size: 318.67207pt x 78.10991pt on input line
 171.

[3 <./images/depth_uni-eps-converted-to.pdf>]
Package epstopdf Info: Source file: <images/depth_bi.eps>
(epstopdf)                    date: 2018-02-13 23:11:42
(epstopdf)                    size: 594318 bytes
(epstopdf)             Output file: <images/depth_bi-eps-converted-to.pdf>
(epstopdf)                    date: 2018-02-13 23:12:06
(epstopdf)                    size: 14755 bytes
(epstopdf)             Command: <epstopdf --outfile=images/depth_bi-eps-convert
ed-to.pdf images/depth_bi.eps>
(epstopdf)             \includegraphics on input line 181.
Package epstopdf Info: Output file is already uptodate.
<images/depth_bi-eps-converted-to.pdf, id=176, pagebox=cropbox, 222.8325pt x 22
5.84375pt>
File: images/depth_bi-eps-converted-to.pdf Graphic file (type pdf)
<use images/depth_bi-eps-converted-to.pdf>
Package pdftex.def Info: images/depth_bi-eps-converted-to.pdf  used on input li
ne 181. on input line 181.
Package pdftex.def Info: Requested size: 239.00557pt x 242.23625pt on input lin
e 181.
 [4 <./images/depth_bi-eps-converted-to.pdf>]
Package epstopdf Info: Source file: <images/OD_0521.eps>
(epstopdf)                    date: 2018-02-19 17:39:26
(epstopdf)                    size: 210434 bytes
(epstopdf)             Output file: <images/OD_0521-eps-converted-to.pdf>
(epstopdf)                    date: 2018-02-20 00:36:44
(epstopdf)                    size: 333040 bytes
(epstopdf)             Command: <epstopdf --outfile=images/OD_0521-eps-converte
d-to.pdf images/OD_0521.eps>
(epstopdf)             \includegraphics on input line 216.
Package epstopdf Info: Output file is already uptodate.
<images/OD_0521-eps-converted-to.pdf, id=212, pagebox=cropbox, 578.16pt x 433.6
2pt>
File: images/OD_0521-eps-converted-to.pdf Graphic file (type pdf)
<use images/OD_0521-eps-converted-to.pdf>
Package pdftex.def Info: images/OD_0521-eps-converted-to.pdf  used on input lin
e 216. on input line 216.
Package pdftex.def Info: Requested size: 195.18808pt x 146.39006pt on input lin
e 216.
Package epstopdf Info: Source file: <images/OD_0701.eps>
(epstopdf)                    date: 2018-02-19 17:39:26
(epstopdf)                    size: 196253 bytes
(epstopdf)             Output file: <images/OD_0701-eps-converted-to.pdf>
(epstopdf)                    date: 2018-02-20 00:36:46
(epstopdf)                    size: 309218 bytes
(epstopdf)             Command: <epstopdf --outfile=images/OD_0701-eps-converte
d-to.pdf images/OD_0701.eps>
(epstopdf)             \includegraphics on input line 222.
Package epstopdf Info: Output file is already uptodate.
<images/OD_0701-eps-converted-to.pdf, id=213, pagebox=cropbox, 578.16pt x 433.6
2pt>
File: images/OD_0701-eps-converted-to.pdf Graphic file (type pdf)
<use images/OD_0701-eps-converted-to.pdf>
Package pdftex.def Info: images/OD_0701-eps-converted-to.pdf  used on input lin
e 222. on input line 222.
Package pdftex.def Info: Requested size: 195.18808pt x 146.39006pt on input lin
e 222.
Package epstopdf Info: Source file: <images/OD_0701_0521.eps>
(epstopdf)                    date: 2018-02-19 17:39:28
(epstopdf)                    size: 168426 bytes
(epstopdf)             Output file: <images/OD_0701_0521-eps-converted-to.pdf>
(epstopdf)                    date: 2018-02-20 00:36:48
(epstopdf)                    size: 275752 bytes
(epstopdf)             Command: <epstopdf --outfile=images/OD_0701_0521-eps-con
verted-to.pdf images/OD_0701_0521.eps>
(epstopdf)             \includegraphics on input line 228.
Package epstopdf Info: Output file is already uptodate.
<images/OD_0701_0521-eps-converted-to.pdf, id=214, pagebox=cropbox, 578.16pt x 
433.62pt>
File: images/OD_0701_0521-eps-converted-to.pdf Graphic file (type pdf)
<use images/OD_0701_0521-eps-converted-to.pdf>
Package pdftex.def Info: images/OD_0701_0521-eps-converted-to.pdf  used on inpu
t line 228. on input line 228.
Package pdftex.def Info: Requested size: 195.18808pt x 146.39006pt on input lin
e 228.
Package epstopdf Info: Source file: <images/Outliers_high_0701_0521.eps>
(epstopdf)                    date: 2018-02-19 17:38:52
(epstopdf)                    size: 171482 bytes
(epstopdf)             Output file: <images/Outliers_high_0701_0521-eps-convert
ed-to.pdf>
(epstopdf)                    date: 2018-02-20 00:36:50
(epstopdf)                    size: 276490 bytes
(epstopdf)             Command: <epstopdf --outfile=images/Outliers_high_0701_0
521-eps-converted-to.pdf images/Outliers_high_0701_0521.eps>
(epstopdf)             \includegraphics on input line 234.
Package epstopdf Info: Output file is already uptodate.
<images/Outliers_high_0701_0521-eps-converted-to.pdf, id=215, pagebox=cropbox, 
578.16pt x 433.62pt>
File: images/Outliers_high_0701_0521-eps-converted-to.pdf Graphic file (type pd
f)
<use images/Outliers_high_0701_0521-eps-converted-to.pdf>
Package pdftex.def Info: images/Outliers_high_0701_0521-eps-converted-to.pdf  u
sed on input line 234. on input line 234.
Package pdftex.def Info: Requested size: 195.18808pt x 146.39006pt on input lin
e 234.
Package epstopdf Info: Source file: <images/Outliers_rare_0701_0521.eps>
(epstopdf)                    date: 2018-02-19 17:38:18
(epstopdf)                    size: 171712 bytes
(epstopdf)             Output file: <images/Outliers_rare_0701_0521-eps-convert
ed-to.pdf>
(epstopdf)                    date: 2018-02-20 00:36:52
(epstopdf)                    size: 276706 bytes
(epstopdf)             Command: <epstopdf --outfile=images/Outliers_rare_0701_0
521-eps-converted-to.pdf images/Outliers_rare_0701_0521.eps>
(epstopdf)             \includegraphics on input line 239.
Package epstopdf Info: Output file is already uptodate.
<images/Outliers_rare_0701_0521-eps-converted-to.pdf, id=216, pagebox=cropbox, 
578.16pt x 433.62pt>
File: images/Outliers_rare_0701_0521-eps-converted-to.pdf Graphic file (type pd
f)
<use images/Outliers_rare_0701_0521-eps-converted-to.pdf>
Package pdftex.def Info: images/Outliers_rare_0701_0521-eps-converted-to.pdf  u
sed on input line 239. on input line 239.
Package pdftex.def Info: Requested size: 211.11896pt x 158.33945pt on input lin
e 239.
 [5] [6 <./images/OD_0521-eps-converted-to.pdf> <./images/OD_0701-eps-converted
-to.pdf> <./images/OD_0701_0521-eps-converted-to.pdf> <./images/Outliers_high_0
701_0521-eps-converted-to.pdf> <./images/Outliers_rare_0701_0521-eps-converted-
to.pdf>]
Package epstopdf Info: Source file: <images/com_mar_0329.eps>
(epstopdf)                    date: 2018-02-21 00:38:36
(epstopdf)                    size: 521641 bytes
(epstopdf)             Output file: <images/com_mar_0329-eps-converted-to.pdf>
(epstopdf)                    date: 2018-02-21 19:12:06
(epstopdf)                    size: 116440 bytes
(epstopdf)             Command: <epstopdf --outfile=images/com_mar_0329-eps-con
verted-to.pdf images/com_mar_0329.eps>
(epstopdf)             \includegraphics on input line 301.
Package epstopdf Info: Output file is already uptodate.
<images/com_mar_0329-eps-converted-to.pdf, id=274, pagebox=cropbox, 578.16pt x 
433.62pt>
File: images/com_mar_0329-eps-converted-to.pdf Graphic file (type pdf)
<use images/com_mar_0329-eps-converted-to.pdf>
Package pdftex.def Info: images/com_mar_0329-eps-converted-to.pdf  used on inpu
t line 301. on input line 301.
Package pdftex.def Info: Requested size: 239.00557pt x 179.25421pt on input lin
e 301.
LaTeX Font Info:    External font `lmex10' loaded for size
(Font)              <9> on input line 302.
 [7 <./images/com_mar_0329-eps-converted-to.pdf>]
Package epstopdf Info: Source file: <images/taxizone.eps>
(epstopdf)                    date: 2018-02-21 11:50:46
(epstopdf)                    size: 3875156 bytes
(epstopdf)             Output file: <images/taxizone-eps-converted-to.pdf>
(epstopdf)                    date: 2018-02-21 13:56:14
(epstopdf)                    size: 380857 bytes
(epstopdf)             Command: <epstopdf --outfile=images/taxizone-eps-convert
ed-to.pdf images/taxizone.eps>
(epstopdf)             \includegraphics on input line 339.
Package epstopdf Info: Output file is already uptodate.
<images/taxizone-eps-converted-to.pdf, id=293, pagebox=cropbox, 965.6075pt x 74
0.7675pt>
File: images/taxizone-eps-converted-to.pdf Graphic file (type pdf)
<use images/taxizone-eps-converted-to.pdf>
Package pdftex.def Info: images/taxizone-eps-converted-to.pdf  used on input li
ne 339. on input line 339.
Package pdftex.def Info: Requested size: 195.18808pt x 149.73332pt on input lin
e 339.
Package epstopdf Info: Source file: <images/July1st_pic2.eps>
(epstopdf)                    date: 2018-02-23 16:02:46
(epstopdf)                    size: 3550482 bytes
(epstopdf)             Output file: <images/July1st_pic2-eps-converted-to.pdf>
(epstopdf)                    date: 2018-02-23 16:02:54
(epstopdf)                    size: 396394 bytes
(epstopdf)             Command: <epstopdf --outfile=images/July1st_pic2-eps-con
verted-to.pdf images/July1st_pic2.eps>
(epstopdf)             \includegraphics on input line 345.
Package epstopdf Info: Output file is already uptodate.
<images/July1st_pic2-eps-converted-to.pdf, id=294, pagebox=cropbox, 965.6075pt 
x 740.7675pt>
File: images/July1st_pic2-eps-converted-to.pdf Graphic file (type pdf)
<use images/July1st_pic2-eps-converted-to.pdf>
Package pdftex.def Info: images/July1st_pic2-eps-converted-to.pdf  used on inpu
t line 345. on input line 345.
Package pdftex.def Info: Requested size: 195.18808pt x 149.73332pt on input lin
e 345.
 [8 <./images/taxizone-eps-converted-to.pdf> <./images/July1st_pic2-eps-convert
ed-to.pdf>]
Package epstopdf Info: Source file: <images/OD_weekdays.eps>
(epstopdf)                    date: 2018-02-19 17:55:06
(epstopdf)                    size: 219587 bytes
(epstopdf)             Output file: <images/OD_weekdays-eps-converted-to.pdf>
(epstopdf)                    date: 2018-02-21 17:29:38
(epstopdf)                    size: 508708 bytes
(epstopdf)             Command: <epstopdf --outfile=images/OD_weekdays-eps-conv
erted-to.pdf images/OD_weekdays.eps>
(epstopdf)             \includegraphics on input line 394.
Package epstopdf Info: Output file is already uptodate.
<images/OD_weekdays-eps-converted-to.pdf, id=312, pagebox=cropbox, 578.16pt x 4
33.62pt>
File: images/OD_weekdays-eps-converted-to.pdf Graphic file (type pdf)
<use images/OD_weekdays-eps-converted-to.pdf>
Package pdftex.def Info: images/OD_weekdays-eps-converted-to.pdf  used on input
 line 394. on input line 394.
Package pdftex.def Info: Requested size: 195.18808pt x 146.39006pt on input lin
e 394.
Package epstopdf Info: Source file: <images/OD_weekends.eps>
(epstopdf)                    date: 2018-02-19 17:55:08
(epstopdf)                    size: 176492 bytes
(epstopdf)             Output file: <images/OD_weekends-eps-converted-to.pdf>
(epstopdf)                    date: 2018-02-21 17:29:38
(epstopdf)                    size: 406142 bytes
(epstopdf)             Command: <epstopdf --outfile=images/OD_weekends-eps-conv
erted-to.pdf images/OD_weekends.eps>
(epstopdf)             \includegraphics on input line 400.
Package epstopdf Info: Output file is already uptodate.
<images/OD_weekends-eps-converted-to.pdf, id=313, pagebox=cropbox, 578.16pt x 4
33.62pt>
File: images/OD_weekends-eps-converted-to.pdf Graphic file (type pdf)
<use images/OD_weekends-eps-converted-to.pdf>
Package pdftex.def Info: images/OD_weekends-eps-converted-to.pdf  used on input
 line 400. on input line 400.
Package pdftex.def Info: Requested size: 195.18808pt x 146.39006pt on input lin
e 400.
Package epstopdf Info: Source file: <images/Outliers_high_weekdays_weekends.eps
>
(epstopdf)                    date: 2018-02-19 17:59:28
(epstopdf)                    size: 152926 bytes
(epstopdf)             Output file: <images/Outliers_high_weekdays_weekends-eps
-converted-to.pdf>
(epstopdf)                    date: 2018-02-21 17:44:08
(epstopdf)                    size: 353749 bytes
(epstopdf)             Command: <epstopdf --outfile=images/Outliers_high_weekda
ys_weekends-eps-converted-to.pdf images/Outliers_high_weekdays_weekends.eps>
(epstopdf)             \includegraphics on input line 419.
Package epstopdf Info: Output file is already uptodate.
<images/Outliers_high_weekdays_weekends-eps-converted-to.pdf, id=316, pagebox=c
ropbox, 578.16pt x 433.62pt>
File: images/Outliers_high_weekdays_weekends-eps-converted-to.pdf Graphic file 
(type pdf)
<use images/Outliers_high_weekdays_weekends-eps-converted-to.pdf>
Package pdftex.def Info: images/Outliers_high_weekdays_weekends-eps-converted-t
o.pdf  used on input line 419. on input line 419.
Package pdftex.def Info: Requested size: 195.18808pt x 146.39006pt on input lin
e 419.
Package epstopdf Info: Source file: <images/outliers2_high_weekdays_weekends.ep
s>
(epstopdf)                    date: 2018-02-23 16:01:54
(epstopdf)                    size: 3657184 bytes
(epstopdf)             Output file: <images/outliers2_high_weekdays_weekends-ep
s-converted-to.pdf>
(epstopdf)                    date: 2018-02-23 16:02:06
(epstopdf)                    size: 411229 bytes
(epstopdf)             Command: <epstopdf --outfile=images/outliers2_high_weekd
ays_weekends-eps-converted-to.pdf images/outliers2_high_weekdays_weekends.eps>
(epstopdf)             \includegraphics on input line 425.
Package epstopdf Info: Output file is already uptodate.
<images/outliers2_high_weekdays_weekends-eps-converted-to.pdf, id=317, pagebox=
cropbox, 964.60374pt x 740.7675pt>
File: images/outliers2_high_weekdays_weekends-eps-converted-to.pdf Graphic file
 (type pdf)
<use images/outliers2_high_weekdays_weekends-eps-converted-to.pdf>
Package pdftex.def Info: images/outliers2_high_weekdays_weekends-eps-converted-
to.pdf  used on input line 425. on input line 425.
Package pdftex.def Info: Requested size: 195.18808pt x 149.89156pt on input lin
e 425.
[9] [10 <./images/OD_weekdays-eps-converted-to.pdf> <./images/OD_weekends-eps-c
onverted-to.pdf> <./images/Outliers_high_weekdays_weekends-eps-converted-to.pdf
> <./images/outliers2_high_weekdays_weekends-eps-converted-to.pdf>]
Package epstopdf Info: Source file: <images/Outliers_rare_weekdays_weekends.eps
>
(epstopdf)                    date: 2018-02-19 17:53:46
(epstopdf)                    size: 152677 bytes
(epstopdf)             Output file: <images/Outliers_rare_weekdays_weekends-eps
-converted-to.pdf>
(epstopdf)                    date: 2018-02-21 17:50:12
(epstopdf)                    size: 354058 bytes
(epstopdf)             Command: <epstopdf --outfile=images/Outliers_rare_weekda
ys_weekends-eps-converted-to.pdf images/Outliers_rare_weekdays_weekends.eps>
(epstopdf)             \includegraphics on input line 447.
Package epstopdf Info: Output file is already uptodate.
<images/Outliers_rare_weekdays_weekends-eps-converted-to.pdf, id=361, pagebox=c
ropbox, 578.16pt x 433.62pt>
File: images/Outliers_rare_weekdays_weekends-eps-converted-to.pdf Graphic file 
(type pdf)
<use images/Outliers_rare_weekdays_weekends-eps-converted-to.pdf>
Package pdftex.def Info: images/Outliers_rare_weekdays_weekends-eps-converted-t
o.pdf  used on input line 447. on input line 447.
Package pdftex.def Info: Requested size: 195.18808pt x 146.39006pt on input lin
e 447.
Package epstopdf Info: Source file: <images/outliers_rare2_weekdays_weekends.ep
s>
(epstopdf)                    date: 2018-02-23 11:52:46
(epstopdf)                    size: 2592481 bytes
(epstopdf)             Output file: <images/outliers_rare2_weekdays_weekends-ep
s-converted-to.pdf>
(epstopdf)                    date: 2018-02-23 15:56:16
(epstopdf)                    size: 462200 bytes
(epstopdf)             Command: <epstopdf --outfile=images/outliers_rare2_weekd
ays_weekends-eps-converted-to.pdf images/outliers_rare2_weekdays_weekends.eps>
(epstopdf)             \includegraphics on input line 453.
Package epstopdf Info: Output file is already uptodate.
<images/outliers_rare2_weekdays_weekends-eps-converted-to.pdf, id=362, pagebox=
cropbox, 998.73125pt x 740.7675pt>
File: images/outliers_rare2_weekdays_weekends-eps-converted-to.pdf Graphic file
 (type pdf)
<use images/outliers_rare2_weekdays_weekends-eps-converted-to.pdf>
Package pdftex.def Info: images/outliers_rare2_weekdays_weekends-eps-converted-
to.pdf  used on input line 453. on input line 453.
Package pdftex.def Info: Requested size: 195.18808pt x 144.77121pt on input lin
e 453.
Package epstopdf Info: Source file: <images/out_weekdays_weekends_md2_outlier.e
ps>
(epstopdf)                    date: 2018-02-23 12:01:40
(epstopdf)                    size: 2481933 bytes
(epstopdf)             Output file: <images/out_weekdays_weekends_md2_outlier-e
ps-converted-to.pdf>
(epstopdf)                    date: 2018-02-23 15:54:58
(epstopdf)                    size: 433806 bytes
(epstopdf)             Command: <epstopdf --outfile=images/out_weekdays_weekend
s_md2_outlier-eps-converted-to.pdf images/out_weekdays_weekends_md2_outlier.eps
>
(epstopdf)             \includegraphics on input line 472.
Package epstopdf Info: Output file is already uptodate.
<images/out_weekdays_weekends_md2_outlier-eps-converted-to.pdf, id=368, pagebox
=cropbox, 965.6075pt x 740.7675pt>
File: images/out_weekdays_weekends_md2_outlier-eps-converted-to.pdf Graphic fil
e (type pdf)
<use images/out_weekdays_weekends_md2_outlier-eps-converted-to.pdf>
Package pdftex.def Info: images/out_weekdays_weekends_md2_outlier-eps-converted
-to.pdf  used on input line 472. on input line 472.
Package pdftex.def Info: Requested size: 195.18808pt x 149.73332pt on input lin
e 472.
 [11 <./images/Outliers_rare_weekdays_weekends-eps-converted-to.pdf> <./images/
outliers_rare2_weekdays_weekends-eps-converted-to.pdf> <./images/out_weekdays_w
eekends_md2_outlier-eps-converted-to.pdf>]
Package epstopdf Info: Source file: <images/com_weekdays_weekends.eps>
(epstopdf)                    date: 2018-02-21 00:37:00
(epstopdf)                    size: 404642 bytes
(epstopdf)             Output file: <images/com_weekdays_weekends-eps-converted
-to.pdf>
(epstopdf)                    date: 2018-02-21 20:35:58
(epstopdf)                    size: 98499 bytes
(epstopdf)             Command: <epstopdf --outfile=images/com_weekdays_weekend
s-eps-converted-to.pdf images/com_weekdays_weekends.eps>
(epstopdf)             \includegraphics on input line 485.
Package epstopdf Info: Output file is already uptodate.
<images/com_weekdays_weekends-eps-converted-to.pdf, id=389, pagebox=cropbox, 57
8.16pt x 433.62pt>
File: images/com_weekdays_weekends-eps-converted-to.pdf Graphic file (type pdf)

<use images/com_weekdays_weekends-eps-converted-to.pdf>
Package pdftex.def Info: images/com_weekdays_weekends-eps-converted-to.pdf  use
d on input line 485. on input line 485.
Package pdftex.def Info: Requested size: 278.83578pt x 209.1211pt on input line
 485.
 [12 <./images/com_weekdays_weekends-eps-converted-to.pdf>] (giscience2018.bbl 
[13]
LaTeX Font Info:    Try loading font information for T1+lmtt on input line 170.


("C:\Users\juy173\AppData\Local\Programs\MiKTeX 2.9\tex\latex\lm\t1lmtt.fd"
File: t1lmtt.fd 2009/10/30 v1.6 Font defs for Latin Modern
)
Package microtype Info: Loading generic protrusion settings for font family
(microtype)             `lmtt' (encoding: T1).
(microtype)             For optimal results, create family-specific settings.
(microtype)             See the microtype manual for details.

[14]) 
AED: lastpage setting LastPage
[15]
Package atveryend Info: Empty hook `BeforeClearDocument' on input line 578.
Package atveryend Info: Empty hook `AfterLastShipout' on input line 578.
 (giscience2018.aux)
Package atveryend Info: Executing hook `AtVeryEndDocument' on input line 578.
Package atveryend Info: Executing hook `AtEndAfterFileList' on input line 578.
Package rerunfilecheck Info: File `giscience2018.out' has not changed.
(rerunfilecheck)             Checksum: 7F2784AC65733C4760936FD32B65BF33;837.
Package atveryend Info: Empty hook `AtVeryVeryEnd' on input line 578.
 ) 
Here is how much of TeX's memory you used:
 13293 strings out of 493312
 207920 string characters out of 3129393
 329402 words of memory out of 3000000
 16337 multiletter control sequences out of 15000+200000
 140077 words of font info for 181 fonts, out of 3000000 for 9000
 1141 hyphenation exceptions out of 8191
 43i,11n,42p,1413b,501s stack positions out of 5000i,500n,10000p,200000b,50000s
{C:/Users/juy173/AppData/Local/Programs/MiKTeX 2.9/fonts/enc/dvips/lm/lm-ec.e
nc}{C:/Users/juy173/AppData/Local/Programs/MiKTeX 2.9/fonts/enc/dvips/lm/lm-rm.
enc}{C:/Users/juy173/AppData/Local/Programs/MiKTeX 2.9/fonts/enc/dvips/lm/lm-ma
thex.enc}{C:/Users/juy173/AppData/Local/Programs/MiKTeX 2.9/fonts/enc/dvips/lm/
lm-mathsy.enc}{C:/Users/juy173/AppData/Local/Programs/MiKTeX 2.9/fonts/enc/dvip
s/lm/lm-mathit.enc}{C:/Users/juy173/AppData/Local/Programs/MiKTeX 2.9/fonts/enc
/dvips/lm/lm-ts1.enc}<C:/Users/juy173/AppData/Local/Programs/MiKTeX 2.9/fonts/t
ype1/public/lm/lmbx12.pfb><C:/Users/juy173/AppData/Local/Programs/MiKTeX 2.9/fo
nts/type1/public/lm/lmex10.pfb><C:/Users/juy173/AppData/Local/Programs/MiKTeX 2
.9/fonts/type1/public/lm/lmmi10.pfb><C:/Users/juy173/AppData/Local/Programs/MiK
TeX 2.9/fonts/type1/public/lm/lmmi7.pfb><C:/Users/juy173/AppData/Local/Programs
/MiKTeX 2.9/fonts/type1/public/lm/lmr10.pfb><C:/Users/juy173/AppData/Local/Prog
rams/MiKTeX 2.9/fonts/type1/public/lm/lmr5.pfb><C:/Users/juy173/AppData/Local/P
rograms/MiKTeX 2.9/fonts/type1/public/lm/lmr6.pfb><C:/Users/juy173/AppData/Loca
l/Programs/MiKTeX 2.9/fonts/type1/public/lm/lmr7.pfb><C:/Users/juy173/AppData/L
ocal/Programs/MiKTeX 2.9/fonts/type1/public/lm/lmr8.pfb><C:/Users/juy173/AppDat
a/Local/Programs/MiKTeX 2.9/fonts/type1/public/lm/lmr9.pfb><C:/Users/juy173/App
Data/Local/Programs/MiKTeX 2.9/fonts/type1/public/lm/lmri10.pfb><C:/Users/juy17
3/AppData/Local/Programs/MiKTeX 2.9/fonts/type1/public/lm/lmss8.pfb><C:/Users/j
uy173/AppData/Local/Programs/MiKTeX 2.9/fonts/type1/public/lm/lmssbx10.pfb><C:/
Users/juy173/AppData/Local/Programs/MiKTeX 2.9/fonts/type1/public/lm/lmsy10.pfb
><C:/Users/juy173/AppData/Local/Programs/MiKTeX 2.9/fonts/type1/public/lm/lmsy7
.pfb><C:/Users/juy173/AppData/Local/Programs/MiKTeX 2.9/fonts/type1/public/lm/l
msy9.pfb><C:/Users/juy173/AppData/Local/Programs/MiKTeX 2.9/fonts/type1/public/
lm/lmtt10.pfb><C:/Users/juy173/AppData/Local/Programs/MiKTeX 2.9/fonts/type1/pu
blic/amsfonts/symbols/msam10.pfb><C:/Users/juy173/AppData/Local/Programs/MiKTeX
 2.9/fonts/type1/public/amsfonts/symbols/msbm10.pfb>
Output written on giscience2018.pdf (15 pages, 5820925 bytes).
PDF statistics:
 508 PDF objects out of 1000 (max. 8388607)
 73 named destinations out of 1000 (max. 500000)
 36568 words of extra memory for PDF output out of 42996 (max. 10000000)

